<?xml version="1.0" encoding="UTF-8"?>
<!-- Generated by org.testng.reporters.JUnitReportReporter -->
<testsuite skipped="0" hostname="MPINDO02PC560" name="Ebiz.Regression.ValidateFooter_Wmcom" tests="1" failures="0" timestamp="25 Jul 2018 13:08:02 GMT" time="195.121" errors="0">
  <testcase name="ValidateFooter_WMcom" time="195.121" classname="Ebiz.Regression.ValidateFooter_Wmcom"/>
</testsuite> <!-- Ebiz.Regression.ValidateFooter_Wmcom -->
