<?xml version="1.0" encoding="UTF-8"?>
<!-- Generated by org.testng.reporters.JUnitReportReporter -->
<testsuite skipped="0" hostname="MPINDO02PC560" name="Ebiz.APIsTest.API_V1_GetSingleAccountDetailsUserIdIncludingBilling" tests="1" failures="0" timestamp="24 Aug 2018 07:20:18 GMT" time="21.054" errors="0">
  <testcase name="V1_GetSingleAccountDetailsUserIdIncludingBilling" time="21.054" classname="Ebiz.APIsTest.API_V1_GetSingleAccountDetailsUserIdIncludingBilling"/>
</testsuite> <!-- Ebiz.APIsTest.API_V1_GetSingleAccountDetailsUserIdIncludingBilling -->
