<?xml version="1.0" encoding="UTF-8"?>
<!-- Generated by org.testng.reporters.JUnitReportReporter -->
<testsuite skipped="0" hostname="MPINDO02PC560" name="Ebiz.Regression.Busi_Resi_ValidaddressbutNOTpresentinMASandSFDC_Diffferentservices" tests="1" failures="0" timestamp="13 Aug 2018 07:16:24 GMT" time="46.423" errors="0">
  <testcase name="Busi_Resi_ValidaddressbutNOTpresentinMASandSFDC_Diffferentservices" time="46.423" classname="Ebiz.Regression.Busi_Resi_ValidaddressbutNOTpresentinMASandSFDC_Diffferentservices"/>
</testsuite> <!-- Ebiz.Regression.Busi_Resi_ValidaddressbutNOTpresentinMASandSFDC_Diffferentservices -->
