<?xml version="1.0" encoding="UTF-8"?>
<!-- Generated by org.testng.reporters.JUnitReportReporter -->
<testsuite skipped="0" hostname="MPINDO02PC560" name="Ebiz.Regression.VerifytheNaturalLanguagePageWhatwouldyouliketodo_Residentialuser" tests="1" failures="0" timestamp="24 Jul 2018 09:20:55 GMT" time="212.101" errors="0">
  <testcase name="VerifytheNaturalLanguagePageWhatwouldyouliketodo_Residentialuser" time="212.101" classname="Ebiz.Regression.VerifytheNaturalLanguagePageWhatwouldyouliketodo_Residentialuser"/>
</testsuite> <!-- Ebiz.Regression.VerifytheNaturalLanguagePageWhatwouldyouliketodo_Residentialuser -->
