<?xml version="1.0" encoding="UTF-8"?>
<!-- Generated by org.testng.reporters.JUnitReportReporter -->
<testsuite skipped="0" hostname="MPINDO02PC560" name="Ebiz.RequestNewServiceLoggedIn_LoginUser" tests="1" failures="0" timestamp="28 Aug 2018 11:58:34 GMT" time="142.898" errors="0">
  <testcase name="RequestNewServiceLoggedIn_LoginUser" time="142.898" classname="Ebiz.RequestNewServiceLoggedIn_LoginUser"/>
</testsuite> <!-- Ebiz.RequestNewServiceLoggedIn_LoginUser -->
