<?xml version="1.0" encoding="UTF-8"?>
<!-- Generated by org.testng.reporters.JUnitReportReporter -->
<testsuite skipped="0" hostname="MPINDO02PC560" name="Ebiz.RequestNewService_GuestUser" tests="1" failures="0" timestamp="28 Aug 2018 11:55:21 GMT" time="83.505" errors="0">
  <testcase name="RequestNewService_GuestUser" time="83.505" classname="Ebiz.RequestNewService_GuestUser"/>
</testsuite> <!-- Ebiz.RequestNewService_GuestUser -->
