<?xml version="1.0" encoding="UTF-8"?>
<!-- Generated by org.testng.reporters.JUnitReportReporter -->
<testsuite skipped="0" hostname="MPINDO02PC560" name="Ebiz.Entrymdoule.WM_194_Entry_Page_Residential_routing_for_Valid_address_present_in_SFDC_and_MAS_both_dont_see_my_area_Different_services" tests="1" failures="0" timestamp="31 Jul 2018 09:40:46 GMT" time="145.225" errors="0">
  <testcase name="WM_194_Entry_Page_Residential_routing_for_Valid_address_present_in_SFDC_and_MAS_both_dont_see_my_area_Different_services" time="145.225" classname="Ebiz.Entrymdoule.WM_194_Entry_Page_Residential_routing_for_Valid_address_present_in_SFDC_and_MAS_both_dont_see_my_area_Different_services"/>
</testsuite> <!-- Ebiz.Entrymdoule.WM_194_Entry_Page_Residential_routing_for_Valid_address_present_in_SFDC_and_MAS_both_dont_see_my_area_Different_services -->
