<?xml version="1.0" encoding="UTF-8"?>
<!-- Generated by org.testng.reporters.JUnitReportReporter -->
<testsuite skipped="0" hostname="MPINDO02PC560" name="Ebiz.Regression.CustomerSupport_BusinessValue_LOB_Cookie" tests="1" failures="0" timestamp="24 Jul 2018 10:26:56 GMT" time="67.121" errors="0">
  <testcase name="CustomerSupport_BusinessValue_LOB_Cookie" time="67.121" classname="Ebiz.Regression.CustomerSupport_BusinessValue_LOB_Cookie"/>
</testsuite> <!-- Ebiz.Regression.CustomerSupport_BusinessValue_LOB_Cookie -->
