<?xml version="1.0" encoding="UTF-8"?>
<!-- Generated by org.testng.reporters.JUnitReportReporter -->
<testsuite skipped="0" hostname="MPINDO02PC560" name="Ebiz.Regression.CustomerSupport_NoValue_LOB_Cookie" tests="1" failures="0" timestamp="23 Jul 2018 16:48:07 GMT" time="50.040" errors="0">
  <testcase name="CustomerSupport_NoValue_LOB_Cookie" time="50.040" classname="Ebiz.Regression.CustomerSupport_NoValue_LOB_Cookie"/>
</testsuite> <!-- Ebiz.Regression.CustomerSupport_NoValue_LOB_Cookie -->
