<?xml version="1.0" encoding="UTF-8"?>
<!-- Generated by org.testng.reporters.JUnitReportReporter -->
<testsuite skipped="0" hostname="LalitJain" name="MOF_testcases.toRegisterUser" tests="1" failures="0" timestamp="14 Jul 2019 04:55:32 GMT" time="90.718" errors="0">
  <testcase name="toTestRegisteruserFunctionality" time="90.718" classname="MOF_testcases.toRegisterUser"/>
</testsuite> <!-- MOF_testcases.toRegisterUser -->
