<?xml version="1.0" encoding="UTF-8"?>
<!-- Generated by org.testng.reporters.JUnitReportReporter -->
<testsuite skipped="0" hostname="MPINDO02PC560" name="Ebiz.Regression.ValidationHeader_ThinkGreen" tests="1" failures="0" timestamp="06 Aug 2018 10:25:40 GMT" time="32.870" errors="0">
  <testcase name="Develop_the_new_site_header_for_WM_UI" time="32.870" classname="Ebiz.Regression.ValidationHeader_ThinkGreen"/>
</testsuite> <!-- Ebiz.Regression.ValidationHeader_ThinkGreen -->
