<?xml version="1.0" encoding="UTF-8"?>
<!-- Generated by org.testng.reporters.JUnitReportReporter -->
<testsuite skipped="0" hostname="MPINDO02PC560" name="Ebiz.APIsTest.API_V1_GetSecurityQuestions" tests="1" failures="0" timestamp="23 Aug 2018 13:27:58 GMT" time="4.242" errors="0">
  <testcase name="V1_GetSecurityQuestions" time="4.242" classname="Ebiz.APIsTest.API_V1_GetSecurityQuestions"/>
</testsuite> <!-- Ebiz.APIsTest.API_V1_GetSecurityQuestions -->
