<?xml version="1.0" encoding="UTF-8"?>
<!-- Generated by org.testng.reporters.JUnitReportReporter -->
<testsuite skipped="0" hostname="MPINDO02PC560" name="Ebiz.Ecom.WM_RegisteredUserForBusinessSection_PermanentServc_SignUpFlow_DumpsterOrderE2E_Different_Delivery_billingInfo" tests="1" failures="0" timestamp="19 Jul 2018 15:11:23 GMT" time="211.082" errors="0">
  <testcase name="WM_RegisteredUserForBusinessSection_PermanentServc_SignUpFlow_DumpsterOrderE2E_Different_Delivery_billingInfo" time="211.082" classname="Ebiz.Ecom.WM_RegisteredUserForBusinessSection_PermanentServc_SignUpFlow_DumpsterOrderE2E_Different_Delivery_billingInfo"/>
</testsuite> <!-- Ebiz.Ecom.WM_RegisteredUserForBusinessSection_PermanentServc_SignUpFlow_DumpsterOrderE2E_Different_Delivery_billingInfo -->
