<?xml version="1.0" encoding="UTF-8"?>
<!-- Generated by org.testng.reporters.JUnitReportReporter -->
<testsuite skipped="0" hostname="LalitJain" name="package1.toTestDriverHomePageContent" tests="1" failures="0" timestamp="30 Mar 2019 04:51:01 GMT" time="23.816" errors="0">
  <testcase name="toTestDriverHomePageContentHeaderSection" time="23.816" classname="package1.toTestDriverHomePageContent"/>
</testsuite> <!-- package1.toTestDriverHomePageContent -->
