<?xml version="1.0" encoding="UTF-8"?>
<!-- Generated by org.testng.reporters.JUnitReportReporter -->
<testsuite skipped="0" hostname="MPINDO02PC560" name="Ebiz.APIsTest.API_V2_UserDetails__GetSpecificUserAccount_Get_All_Account_for_User" tests="1" failures="0" timestamp="13 Sep 2018 07:36:11 GMT" time="121.716" errors="0">
  <testcase name="V2_UserDetails__GetSpecificUserAccount_Get_All_Account_for_User" time="121.716" classname="Ebiz.APIsTest.API_V2_UserDetails__GetSpecificUserAccount_Get_All_Account_for_User"/>
</testsuite> <!-- Ebiz.APIsTest.API_V2_UserDetails__GetSpecificUserAccount_Get_All_Account_for_User -->
