<?xml version="1.0" encoding="UTF-8"?>
<!-- Generated by org.testng.reporters.JUnitReportReporter -->
<testsuite skipped="0" hostname="MPINDO02PC560" name="Ebiz.MVP.MVP_664_CalculationVerificationChangingQuantityTrashPickupBundledProduct" tests="1" failures="0" timestamp="12 Sep 2018 12:57:48 GMT" time="87.839" errors="0">
  <testcase name="MVP_665_PriceSummarySectionValidationThroughOutCheckoutPages" time="87.839" classname="Ebiz.MVP.MVP_664_CalculationVerificationChangingQuantityTrashPickupBundledProduct"/>
</testsuite> <!-- Ebiz.MVP.MVP_664_CalculationVerificationChangingQuantityTrashPickupBundledProduct -->
