<?xml version="1.0" encoding="UTF-8"?>
<!-- Generated by org.testng.reporters.JUnitReportReporter -->
<testsuite skipped="0" hostname="MPINDO02PC560" name="Ebiz.Entrymdoule.WM_194_Entry_Page_Residential_routing_for_invalid_address_and_no_service_selected" tests="1" failures="0" timestamp="31 Jul 2018 06:20:23 GMT" time="69.841" errors="0">
  <testcase name="WM_194_Entry_Page_Residential_routing_for_invalid_address_and_no_service_selected" time="69.841" classname="Ebiz.Entrymdoule.WM_194_Entry_Page_Residential_routing_for_invalid_address_and_no_service_selected"/>
</testsuite> <!-- Ebiz.Entrymdoule.WM_194_Entry_Page_Residential_routing_for_invalid_address_and_no_service_selected -->
