<?xml version="1.0" encoding="UTF-8"?>
<!-- Generated by org.testng.reporters.JUnitReportReporter -->
<testsuite skipped="0" hostname="MPINDO02PC560" name="Ebiz.MVP.MVP_FromHomePage_Curbside_GuestUserResiSection_PromoCodeValidation_SignUpFlow_CurbsideOrderE2E2" tests="1" failures="0" timestamp="12 Jul 2018 09:27:06 GMT" time="303.762" errors="0">
  <testcase name="MVP_FromHomePage_Curbside_GuestUserResiSection_PromoCodeValidation_SignUpFlow_CurbsideOrderE2E2" time="303.762" classname="Ebiz.MVP.MVP_FromHomePage_Curbside_GuestUserResiSection_PromoCodeValidation_SignUpFlow_CurbsideOrderE2E2"/>
</testsuite> <!-- Ebiz.MVP.MVP_FromHomePage_Curbside_GuestUserResiSection_PromoCodeValidation_SignUpFlow_CurbsideOrderE2E2 -->
