<?xml version="1.0" encoding="UTF-8"?>
<!-- Generated by org.testng.reporters.JUnitReportReporter -->
<testsuite skipped="0" hostname="MPINDO02PC560" name="Ebiz.TestScenariosWise.WM_4727" tests="1" failures="0" timestamp="23 Jul 2018 10:32:39 GMT" time="53.467" errors="0">
  <testcase name="wm_4727" time="53.467" classname="Ebiz.TestScenariosWise.WM_4727"/>
</testsuite> <!-- Ebiz.TestScenariosWise.WM_4727 -->
