<?xml version="1.0" encoding="UTF-8"?>
<!-- Generated by org.testng.reporters.JUnitReportReporter -->
<testsuite skipped="0" hostname="MPINDO02PC560" name="Ebiz.TestScenariosWise.delete_paymentmethod_schedule_autopay_multipleezpayid" tests="1" failures="0" timestamp="13 Aug 2018 07:01:53 GMT" time="273.518" errors="0">
  <testcase name="delete_paymentmethod_schedule_autopay_multipleezpayid" time="273.518" classname="Ebiz.TestScenariosWise.delete_paymentmethod_schedule_autopay_multipleezpayid"/>
</testsuite> <!-- Ebiz.TestScenariosWise.delete_paymentmethod_schedule_autopay_multipleezpayid -->
