<?xml version="1.0" encoding="UTF-8"?>
<!-- Generated by org.testng.reporters.JUnitReportReporter -->
<testsuite skipped="0" hostname="MPINDO02PC560" name="Ebiz.Regression.ValidationHeader_ResidentialSection" tests="1" failures="0" timestamp="06 Aug 2018 08:50:02 GMT" time="328.772" errors="0">
  <testcase name="ValidationHeader_ResidentialSection" time="328.772" classname="Ebiz.Regression.ValidationHeader_ResidentialSection"/>
</testsuite> <!-- Ebiz.Regression.ValidationHeader_ResidentialSection -->
