<?xml version="1.0" encoding="UTF-8"?>
<!-- Generated by org.testng.reporters.JUnitReportReporter -->
<testsuite skipped="0" hostname="MPINDO02PC560" name="Ebiz.Regression.ResidentialLandingPage_UIvalidation_AnonymousUser" tests="1" failures="0" timestamp="13 Aug 2018 08:00:35 GMT" time="59.028" errors="0">
  <testcase name="ResidentialLandingPage_UIvalidation_AnonymousUser" time="59.028" classname="Ebiz.Regression.ResidentialLandingPage_UIvalidation_AnonymousUser"/>
</testsuite> <!-- Ebiz.Regression.ResidentialLandingPage_UIvalidation_AnonymousUser -->
