<?xml version="1.0" encoding="UTF-8"?>
<!-- Generated by org.testng.reporters.JUnitReportReporter -->
<testsuite skipped="0" hostname="MPINDO02PC560" name="Ebiz.CustomerSupport.CustomerSupport_ChangeReq_ExtraPickUp_Guest_Recycling" tests="1" failures="0" timestamp="29 Aug 2018 12:53:32 GMT" time="104.502" errors="0">
  <testcase name="CustomerSupport_ChangeReq_ExtraPickUp_Guest_Recycling" time="104.502" classname="Ebiz.CustomerSupport.CustomerSupport_ChangeReq_ExtraPickUp_Guest_Recycling"/>
</testsuite> <!-- Ebiz.CustomerSupport.CustomerSupport_ChangeReq_ExtraPickUp_Guest_Recycling -->
