<?xml version="1.0" encoding="UTF-8"?>
<!-- Generated by org.testng.reporters.JUnitReportReporter -->
<testsuite skipped="0" hostname="MPINDO02PC560" name="Ebiz.Regression.Dumpster_Invalidpromo_clearpromo_removedumpster" tests="1" failures="0" timestamp="23 Jul 2018 16:48:07 GMT" time="86.447" errors="0">
  <testcase name="Dumpster_Invalidpromo_clearpromo_removedumpster" time="86.447" classname="Ebiz.Regression.Dumpster_Invalidpromo_clearpromo_removedumpster"/>
</testsuite> <!-- Ebiz.Regression.Dumpster_Invalidpromo_clearpromo_removedumpster -->
