<?xml version="1.0" encoding="UTF-8"?>
<!-- Generated by org.testng.reporters.JUnitReportReporter -->
<testsuite skipped="0" hostname="MPINDO02PC560" name="Ebiz.TestScenariosWise.WM4116_WM4112_WM4108_Verifymessage_foraccountunlink_whenunenrolledautopay" tests="1" failures="0" timestamp="23 Jul 2018 12:59:58 GMT" time="2484.733" errors="0">
  <testcase name="Verifymessage_foraccountunlink_whenunenrolledautopay" time="2484.733" classname="Ebiz.TestScenariosWise.WM4116_WM4112_WM4108_Verifymessage_foraccountunlink_whenunenrolledautopay"/>
</testsuite> <!-- Ebiz.TestScenariosWise.WM4116_WM4112_WM4108_Verifymessage_foraccountunlink_whenunenrolledautopay -->
