<?xml version="1.0" encoding="UTF-8"?>
<!-- Generated by org.testng.reporters.JUnitReportReporter -->
<testsuite skipped="0" hostname="MPINDO02PC560" name="Ebiz.Regression.DumpsterShoppingCart002RemoveproductsfromthecartMultipleproductsaddedtocart" tests="1" failures="0" timestamp="23 Jul 2018 16:48:07 GMT" time="224.046" errors="0">
  <testcase name="DumpsterShoppingCart002RemoveproductsfromthecartMultipleproductsaddedtocart" time="224.046" classname="Ebiz.Regression.DumpsterShoppingCart002RemoveproductsfromthecartMultipleproductsaddedtocart"/>
</testsuite> <!-- Ebiz.Regression.DumpsterShoppingCart002RemoveproductsfromthecartMultipleproductsaddedtocart -->
