<?xml version="1.0" encoding="UTF-8"?>
<!-- Generated by org.testng.reporters.JUnitReportReporter -->
<testsuite skipped="0" hostname="MPINDO02PC560" name="Ebiz.Regression.ValidationHeader_IndustrySolutions" tests="1" failures="0" timestamp="06 Aug 2018 12:32:01 GMT" time="331.233" errors="0">
  <testcase name="ValidationHeader_IndustrySolutions" time="331.233" classname="Ebiz.Regression.ValidationHeader_IndustrySolutions"/>
</testsuite> <!-- Ebiz.Regression.ValidationHeader_IndustrySolutions -->
