<?xml version="1.0" encoding="UTF-8"?>
<!-- Generated by org.testng.reporters.JUnitReportReporter -->
<testsuite skipped="0" hostname="MPINDO02PC560" name="Ebiz.Regression.BusinessGuest_SubcatergoryMercury_RecyclingValidate_E2E_checkout" tests="1" failures="0" timestamp="24 Jul 2018 09:37:44 GMT" time="484.971" errors="0">
  <testcase name="BusinessGuest_SubcatergoryMercury_RecyclingValidate_E2E_checkout" time="484.971" classname="Ebiz.Regression.BusinessGuest_SubcatergoryMercury_RecyclingValidate_E2E_checkout"/>
</testsuite> <!-- Ebiz.Regression.BusinessGuest_SubcatergoryMercury_RecyclingValidate_E2E_checkout -->
