<?xml version="1.0" encoding="UTF-8"?>
<!-- Generated by org.testng.reporters.JUnitReportReporter -->
<testsuite skipped="0" hostname="MPINDO02PC560" name="Ebiz.Regression.OnlineAccountActivityAlerts_AutoPayments_Signup_Unenroll" tests="1" failures="0" timestamp="11 Sep 2018 10:56:59 GMT" time="656.725" errors="0">
  <testcase name="OnlineAccountActivityAlerts_AutoPayments_Signup_Unenroll" time="656.725" classname="Ebiz.Regression.OnlineAccountActivityAlerts_AutoPayments_Signup_Unenroll"/>
</testsuite> <!-- Ebiz.Regression.OnlineAccountActivityAlerts_AutoPayments_Signup_Unenroll -->
