<?xml version="1.0" encoding="UTF-8"?>
<!-- Generated by org.testng.reporters.JUnitReportReporter -->
<testsuite skipped="0" hostname="MPINDO02PC560" name="Ebiz.APIsTest.API_V1_GetRolloffaccountinfo_GetRecentrolloffinfo" tests="1" failures="0" timestamp="24 Aug 2018 07:17:35 GMT" time="37.497" errors="0">
  <testcase name="V1_GetRolloffaccountinfo_GetRecentrolloffinfo" time="37.497" classname="Ebiz.APIsTest.API_V1_GetRolloffaccountinfo_GetRecentrolloffinfo"/>
</testsuite> <!-- Ebiz.APIsTest.API_V1_GetRolloffaccountinfo_GetRecentrolloffinfo -->
