<?xml version="1.0" encoding="UTF-8"?>
<!-- Generated by org.testng.reporters.JUnitReportReporter -->
<testsuite skipped="0" hostname="LalitJain" name="package1.ToSignUpOnJOTForms" tests="2" failures="0" timestamp="08 Dec 2018 06:49:31 GMT" time="19.711" errors="0">
  <testcase name="ToSignUpOnJOTFormsVerification" time="10.927" classname="package1.ToSignUpOnJOTForms"/>
  <testcase name="ToSignUpOnJOTFormsVerification" time="8.784" classname="package1.ToSignUpOnJOTForms"/>
</testsuite> <!-- package1.ToSignUpOnJOTForms -->
