<?xml version="1.0" encoding="UTF-8"?>
<!-- Generated by org.testng.reporters.JUnitReportReporter -->
<testsuite skipped="0" hostname="MPINDO02PC560" name="Ebiz.TestScenariosWise.MyAccountToCheckViewsforVariousAccount" tests="1" failures="0" timestamp="13 Aug 2018 07:13:50 GMT" time="705.102" errors="0">
  <testcase name="MyAccountToCheckViewsforVariousAccount" time="705.102" classname="Ebiz.TestScenariosWise.MyAccountToCheckViewsforVariousAccount"/>
</testsuite> <!-- Ebiz.TestScenariosWise.MyAccountToCheckViewsforVariousAccount -->
