<?xml version="1.0" encoding="UTF-8"?>
<!-- Generated by org.testng.reporters.JUnitReportReporter -->
<testsuite skipped="0" hostname="MPINDO02PC560" name="Ebiz.TestScenariosWise.MyAccount_EnrollPaperLess_EnrollAutomaticPayments" tests="1" failures="0" timestamp="25 Jul 2018 10:04:42 GMT" time="386.218" errors="0">
  <testcase name="MyAccount_EnrollPaperLess_EnrollAutomaticPayments" time="386.218" classname="Ebiz.TestScenariosWise.MyAccount_EnrollPaperLess_EnrollAutomaticPayments"/>
</testsuite> <!-- Ebiz.TestScenariosWise.MyAccount_EnrollPaperLess_EnrollAutomaticPayments -->
