<?xml version="1.0" encoding="UTF-8"?>
<!-- Generated by org.testng.reporters.JUnitReportReporter -->
<testsuite skipped="0" hostname="MPINDO02PC560" name="Ebiz.CustomerSupport.ToVerify_SFDC_LeadGenteration_ForBusinessNewUser" tests="1" failures="0" timestamp="17 Sep 2018 12:48:27 GMT" time="213.914" errors="0">
  <testcase name="ToVerify_SFDC_LeadGenteration_ForBusinessNewUser" time="213.914" classname="Ebiz.CustomerSupport.ToVerify_SFDC_LeadGenteration_ForBusinessNewUser"/>
</testsuite> <!-- Ebiz.CustomerSupport.ToVerify_SFDC_LeadGenteration_ForBusinessNewUser -->
