<?xml version="1.0" encoding="UTF-8"?>
<!-- Generated by org.testng.reporters.JUnitReportReporter -->
<testsuite skipped="0" hostname="MPINDO02PC560" name="Ebiz.TestScenariosWise.CSRConsole_VerifyOrderDetailsButtonForRecentOrderBusinessSecDumpsterTempServc_AddToCartFlow" tests="1" failures="0" timestamp="07 Aug 2018 09:17:50 GMT" time="92.534" errors="0">
  <testcase name="CSRConsole_VerifyOrderDetailsButtonForRecentOrderBusinessSecDumpsterTempServc_AddToCartFlow" time="92.534" classname="Ebiz.TestScenariosWise.CSRConsole_VerifyOrderDetailsButtonForRecentOrderBusinessSecDumpsterTempServc_AddToCartFlow"/>
</testsuite> <!-- Ebiz.TestScenariosWise.CSRConsole_VerifyOrderDetailsButtonForRecentOrderBusinessSecDumpsterTempServc_AddToCartFlow -->
