<?xml version="1.0" encoding="UTF-8"?>
<!-- Generated by org.testng.reporters.JUnitReportReporter -->
<testsuite skipped="0" hostname="MPINDO02PC560" name="Ebiz.MVP.MVP_CurbsideGuestuserBundled_WastePickupwithRecyclingWate_quantity" tests="1" failures="0" timestamp="23 Jul 2018 07:03:46 GMT" time="158.031" errors="0">
  <testcase name="MVP_CurbsideGuestuserBundled_WastePickupwithRecyclingWate_quantity1" time="158.031" classname="Ebiz.MVP.MVP_CurbsideGuestuserBundled_WastePickupwithRecyclingWate_quantity"/>
</testsuite> <!-- Ebiz.MVP.MVP_CurbsideGuestuserBundled_WastePickupwithRecyclingWate_quantity -->
