<?xml version="1.0" encoding="UTF-8"?>
<!-- Generated by org.testng.reporters.JUnitReportReporter -->
<testsuite skipped="0" hostname="MPINDO02PC560" name="Ebiz.MVP.MVP_FromResidentialCurbsidePage_Curbside_GuestUserResiSection_PromoCodeValidation_SignUpFlow_CurbsideOrderE2E" tests="1" failures="0" timestamp="12 Jul 2018 09:38:22 GMT" time="289.931" errors="0">
  <testcase name="MVP_FromResidentialCurbsidePage_Curbside_GuestUserResiSection_PromoCodeValidation_SignUpFlow_CurbsideOrderE2E" time="289.931" classname="Ebiz.MVP.MVP_FromResidentialCurbsidePage_Curbside_GuestUserResiSection_PromoCodeValidation_SignUpFlow_CurbsideOrderE2E"/>
</testsuite> <!-- Ebiz.MVP.MVP_FromResidentialCurbsidePage_Curbside_GuestUserResiSection_PromoCodeValidation_SignUpFlow_CurbsideOrderE2E -->
