<?xml version="1.0" encoding="UTF-8"?>
<!-- Generated by org.testng.reporters.JUnitReportReporter -->
<testsuite skipped="0" hostname="MPINDO02PC560" name="Ebiz.MVP.MVP_Validation_AddressProvided_OnHomePage_CookiedOnDiffernetPage" tests="1" failures="0" timestamp="27 Jul 2018 08:52:11 GMT" time="88.839" errors="0">
  <testcase name="MVP_Validation_AddressProvided_OnHomePage_CookiedOnDiffernetPage" time="88.839" classname="Ebiz.MVP.MVP_Validation_AddressProvided_OnHomePage_CookiedOnDiffernetPage"/>
</testsuite> <!-- Ebiz.MVP.MVP_Validation_AddressProvided_OnHomePage_CookiedOnDiffernetPage -->
