<?xml version="1.0" encoding="UTF-8"?>
<!-- Generated by org.testng.reporters.JUnitReportReporter -->
<testsuite skipped="0" hostname="MPINDO02PC560" name="Ebiz.EselfService_ER_RollOffRequest_success" tests="1" failures="0" timestamp="13 Sep 2018 11:58:02 GMT" time="6645.022" errors="0">
  <testcase name="EselfService_ER_RollOffRequest_success" time="6645.022" classname="Ebiz.EselfService_ER_RollOffRequest_success"/>
</testsuite> <!-- Ebiz.EselfService_ER_RollOffRequest_success -->
