<?xml version="1.0" encoding="UTF-8"?>
<!-- Generated by org.testng.reporters.JUnitReportReporter -->
<testsuite skipped="0" hostname="MPINDO02PC560" name="Ebiz.Regression.NewSiteHeader_LoginIcon_Functionality_No_EZpayId_Linked_Non_Cookied" tests="1" failures="0" timestamp="23 Jul 2018 16:48:07 GMT" time="76.573" errors="0">
  <testcase name="NewSiteHeader_LoginIcon_Functionality_No_EZpayId_Linked_Non_Cookied" time="76.573" classname="Ebiz.Regression.NewSiteHeader_LoginIcon_Functionality_No_EZpayId_Linked_Non_Cookied"/>
</testsuite> <!-- Ebiz.Regression.NewSiteHeader_LoginIcon_Functionality_No_EZpayId_Linked_Non_Cookied -->
