<?xml version="1.0" encoding="UTF-8"?>
<!-- Generated by org.testng.reporters.JUnitReportReporter -->
<testsuite skipped="0" hostname="MPINDO02PC560" name="Ebiz.Regression.ValidatescheduledeliveryinformationpageCalendar_Signup_RegisterUser" tests="1" failures="0" timestamp="28 Aug 2018 12:25:42 GMT" time="170.273" errors="0">
  <testcase name="SMB_ProductDetail_ProductListingPage_Pageverification_ForBusinesstab_Registereduser" time="170.273" classname="Ebiz.Regression.ValidatescheduledeliveryinformationpageCalendar_Signup_RegisterUser"/>
</testsuite> <!-- Ebiz.Regression.ValidatescheduledeliveryinformationpageCalendar_Signup_RegisterUser -->
