<?xml version="1.0" encoding="UTF-8"?>
<!-- Generated by org.testng.reporters.JUnitReportReporter -->
<testsuite skipped="0" hostname="MPINDO02PC560" name="Ebiz.APIsTest.API_V2_GetChatWindowsDetails_CST_EST_MST_PST" tests="1" failures="0" timestamp="23 Aug 2018 13:27:58 GMT" time="35.487" errors="0">
  <testcase name="V2_GetChatWindowsDetails_CST_EST_MST_PST" time="35.487" classname="Ebiz.APIsTest.API_V2_GetChatWindowsDetails_CST_EST_MST_PST"/>
</testsuite> <!-- Ebiz.APIsTest.API_V2_GetChatWindowsDetails_CST_EST_MST_PST -->
