<?xml version="1.0" encoding="UTF-8"?>
<!-- Generated by org.testng.reporters.JUnitReportReporter -->
<testsuite skipped="0" hostname="MPINDO02PC560" name="Ebiz.NavigationChecktoMyAccountDashboard" tests="1" failures="0" timestamp="28 Aug 2018 11:52:53 GMT" time="113.066" errors="0">
  <testcase name="NavigationChecktoMyAccountDashboard" time="113.066" classname="Ebiz.NavigationChecktoMyAccountDashboard"/>
</testsuite> <!-- Ebiz.NavigationChecktoMyAccountDashboard -->
