<?xml version="1.0" encoding="UTF-8"?>
<!-- Generated by org.testng.reporters.JUnitReportReporter -->
<testsuite skipped="0" hostname="MPINDO02PC560" name="Ebiz.APIsTest.API_V1_GetSpecificAccountServices" tests="1" failures="0" timestamp="24 Aug 2018 07:23:02 GMT" time="36.072" errors="0">
  <testcase name="V1_GetSpecificAccountServices" time="36.072" classname="Ebiz.APIsTest.API_V1_GetSpecificAccountServices"/>
</testsuite> <!-- Ebiz.APIsTest.API_V1_GetSpecificAccountServices -->
