<?xml version="1.0" encoding="UTF-8"?>
<!-- Generated by org.testng.reporters.JUnitReportReporter -->
<testsuite skipped="0" hostname="MPINDO02PC560" name="Ebiz.Passive_Registered_User_flow" tests="1" failures="0" timestamp="17 Jul 2018 09:57:40 GMT" time="188.732" errors="0">
  <testcase name="Passive_Registered_User_flow_E2E" time="188.732" classname="Ebiz.Passive_Registered_User_flow"/>
</testsuite> <!-- Ebiz.Passive_Registered_User_flow -->
