<?xml version="1.0" encoding="UTF-8"?>
<!-- Generated by org.testng.reporters.JUnitReportReporter -->
<testsuite skipped="0" hostname="MPINDO02PC560" name="Ebiz.MVP.MVP34_ResidentialCurbsidePageNavigation_GuestUser_FlowsToMyAccountPage_singleProduct" tests="1" failures="0" timestamp="26 Jul 2018 09:16:06 GMT" time="83.492" errors="0">
  <testcase name="MVP34_ResidentialCurbsidePageNavigation_GuestUser_FlowsToMyAccountPage_singleProduct" time="83.492" classname="Ebiz.MVP.MVP34_ResidentialCurbsidePageNavigation_GuestUser_FlowsToMyAccountPage_singleProduct"/>
</testsuite> <!-- Ebiz.MVP.MVP34_ResidentialCurbsidePageNavigation_GuestUser_FlowsToMyAccountPage_singleProduct -->
