<?xml version="1.0" encoding="UTF-8"?>
<!-- Generated by org.testng.reporters.JUnitReportReporter -->
<testsuite skipped="0" hostname="MPINDO02PC560" name="Ebiz.Verify_new_user_registration" tests="1" failures="0" timestamp="19 Jul 2018 08:41:07 GMT" time="93.462" errors="0">
  <testcase name="Verify_new_user_registration" time="93.462" classname="Ebiz.Verify_new_user_registration"/>
</testsuite> <!-- Ebiz.Verify_new_user_registration -->
