<?xml version="1.0" encoding="UTF-8"?>
<!-- Generated by org.testng.reporters.JUnitReportReporter -->
<testsuite skipped="0" hostname="MPINDO02PC560" name="Ebiz.MVP.Verify_requestaquote_and_submitaform" tests="1" failures="0" timestamp="28 Aug 2018 12:53:38 GMT" time="161.037" errors="0">
  <testcase name="Verify_requestaquote_and_submitaform" time="161.037" classname="Ebiz.MVP.Verify_requestaquote_and_submitaform"/>
</testsuite> <!-- Ebiz.MVP.Verify_requestaquote_and_submitaform -->
