<?xml version="1.0" encoding="UTF-8"?>
<!-- Generated by org.testng.reporters.JUnitReportReporter -->
<testsuite skipped="0" hostname="MPINDO02PC560" name="Ebiz.SFDC.ToCreate_TransferStationFacility" tests="4" failures="0" timestamp="19 Sep 2018 09:34:52 GMT" time="584.177" errors="0">
  <testcase name="SFDC_CreateOperatingSchedule" time="131.811" classname="Ebiz.SFDC.ToCreate_TransferStationFacility"/>
  <testcase name="SFDC_CreateFacilityContactInformation_CustomerService" time="137.338" classname="Ebiz.SFDC.ToCreate_TransferStationFacility"/>
  <testcase name="SFDC_CreateFacilityContactInformation_Sales" time="117.432" classname="Ebiz.SFDC.ToCreate_TransferStationFacility"/>
  <testcase name="SFDC_CreateFacilityTransferStation" time="197.596" classname="Ebiz.SFDC.ToCreate_TransferStationFacility"/>
</testsuite> <!-- Ebiz.SFDC.ToCreate_TransferStationFacility -->
