<?xml version="1.0" encoding="UTF-8"?>
<!-- Generated by org.testng.reporters.JUnitReportReporter -->
<testsuite skipped="0" hostname="MPINDO02PC560" name="Ebiz.MVP.Verify_GuestUser_Curbside_RequestAQuote_Submit" tests="1" failures="0" timestamp="20 Sep 2018 07:25:22 GMT" time="84.507" errors="0">
  <testcase name="Verify_GuestUser_Curbside_RequestAQuote_Submit1" time="84.507" classname="Ebiz.MVP.Verify_GuestUser_Curbside_RequestAQuote_Submit"/>
</testsuite> <!-- Ebiz.MVP.Verify_GuestUser_Curbside_RequestAQuote_Submit -->
