<?xml version="1.0" encoding="UTF-8"?>
<!-- Generated by org.testng.reporters.JUnitReportReporter -->
<testsuite skipped="1" hostname="LalitJain" name="MOF_testcases.toRegisterUserusingDataProvider" tests="1" failures="0" timestamp="14 Jul 2019 05:59:53 GMT" time="0.000" errors="0">
  <testcase name="toTestRegisteruserFunctionality" time="0.000" classname="MOF_testcases.toRegisterUserusingDataProvider">
    <skipped/>
  </testcase> <!-- toTestRegisteruserFunctionality -->
</testsuite> <!-- MOF_testcases.toRegisterUserusingDataProvider -->
