<?xml version="1.0" encoding="UTF-8"?>
<!-- Generated by org.testng.reporters.JUnitReportReporter -->
<testsuite skipped="0" hostname="MPINDO02PC560" name="Ebiz.EselfService_ER_RollOffRequest_datechange" tests="1" failures="0" timestamp="13 Sep 2018 11:58:02 GMT" time="7073.942" errors="0">
  <testcase name="EselfService_ER_RollOffRequest_success" time="7073.942" classname="Ebiz.EselfService_ER_RollOffRequest_datechange"/>
</testsuite> <!-- Ebiz.EselfService_ER_RollOffRequest_datechange -->
