<?xml version="1.0" encoding="UTF-8"?>
<!-- Generated by org.testng.reporters.JUnitReportReporter -->
<testsuite skipped="0" hostname="MPINDO02PC560" name="Ebiz.CustomerSupport.CustomerSupport_ChangeReq_ChangeExistingSrvc_NotWMCustomerFlow_DecreaseServc" tests="1" failures="0" timestamp="29 Aug 2018 12:53:32 GMT" time="89.966" errors="0">
  <testcase name="CustomerSupport_ChangeReq_ChangeExistingSrvc_NotWMCustomerFlow_DecreaseServc" time="89.966" classname="Ebiz.CustomerSupport.CustomerSupport_ChangeReq_ChangeExistingSrvc_NotWMCustomerFlow_DecreaseServc"/>
</testsuite> <!-- Ebiz.CustomerSupport.CustomerSupport_ChangeReq_ChangeExistingSrvc_NotWMCustomerFlow_DecreaseServc -->
