<?xml version="1.0" encoding="UTF-8"?>
<!-- Generated by org.testng.reporters.JUnitReportReporter -->
<testsuite skipped="0" hostname="MPINDO02PC560" name="Ebiz.UserLogin_verifyPasswordReset" tests="1" failures="0" timestamp="19 Jul 2018 08:41:07 GMT" time="138.011" errors="0">
  <testcase name="UserLogin_verifyPasswordReset" time="138.011" classname="Ebiz.UserLogin_verifyPasswordReset"/>
</testsuite> <!-- Ebiz.UserLogin_verifyPasswordReset -->
