<?xml version="1.0" encoding="UTF-8"?>
<!-- Generated by org.testng.reporters.JUnitReportReporter -->
<testsuite skipped="0" hostname="MPINDO02PC560" name="Ebiz.APIsTest.API_V1_GetSpecificAccountFacilityDetails" tests="1" failures="0" timestamp="23 Aug 2018 13:27:58 GMT" time="18.433" errors="0">
  <testcase name="V1_GetSpecificAccountFacilityDetails" time="18.433" classname="Ebiz.APIsTest.API_V1_GetSpecificAccountFacilityDetails"/>
</testsuite> <!-- Ebiz.APIsTest.API_V1_GetSpecificAccountFacilityDetails -->
