<?xml version="1.0" encoding="UTF-8"?>
<!-- Generated by org.testng.reporters.JUnitReportReporter -->
<testsuite skipped="0" hostname="MPINDO02PC560" name="Ebiz.Regression.SMB_ProductDetail_ProductListingPage_Pageverification_ForBusinesstab_Registereduser" tests="1" failures="0" timestamp="23 Jul 2018 16:48:07 GMT" time="356.598" errors="0">
  <testcase name="SMB_ProductDetail_ProductListingPage_Pageverification_ForBusinesstab_Registereduser" time="356.598" classname="Ebiz.Regression.SMB_ProductDetail_ProductListingPage_Pageverification_ForBusinesstab_Registereduser"/>
</testsuite> <!-- Ebiz.Regression.SMB_ProductDetail_ProductListingPage_Pageverification_ForBusinesstab_Registereduser -->
