<?xml version="1.0" encoding="UTF-8"?>
<!-- Generated by org.testng.reporters.JUnitReportReporter -->
<testsuite skipped="0" hostname="MPINDO02PC560" name="Ebiz.Entrymdoule.WM_113_Residential_landing_page_Natural_Language_widget_Verification" tests="1" failures="0" timestamp="30 Jul 2018 09:10:50 GMT" time="110.747" errors="0">
  <testcase name="WM_113_Residential_landing_page_Natural_Language_widget_Verification" time="110.747" classname="Ebiz.Entrymdoule.WM_113_Residential_landing_page_Natural_Language_widget_Verification"/>
</testsuite> <!-- Ebiz.Entrymdoule.WM_113_Residential_landing_page_Natural_Language_widget_Verification -->
