<?xml version="1.0" encoding="UTF-8"?>
<!-- Generated by org.testng.reporters.JUnitReportReporter -->
<testsuite skipped="0" hostname="MPINDO02PC560" name="Ebiz.SMB_order_Guestuser_promocodevalidation_EditBilling_EditPayment_Checktermncond" tests="1" failures="0" timestamp="19 Jul 2018 08:41:07 GMT" time="182.222" errors="0">
  <testcase name="SMB_order_Guestuser_promocodevalidation_EditBilling_EditPayment_Checktermncond" time="182.222" classname="Ebiz.SMB_order_Guestuser_promocodevalidation_EditBilling_EditPayment_Checktermncond"/>
</testsuite> <!-- Ebiz.SMB_order_Guestuser_promocodevalidation_EditBilling_EditPayment_Checktermncond -->
