<?xml version="1.0" encoding="UTF-8"?>
<!-- Generated by org.testng.reporters.JUnitReportReporter -->
<testsuite skipped="0" hostname="MPINDO02PC560" name="Ebiz.Entrymdoule.ValidationHeader_MyAccount" tests="1" failures="0" timestamp="14 Sep 2018 10:54:05 GMT" time="143.065" errors="0">
  <testcase name="ValidationHeader_MyAccount1" time="143.065" classname="Ebiz.Entrymdoule.ValidationHeader_MyAccount"/>
</testsuite> <!-- Ebiz.Entrymdoule.ValidationHeader_MyAccount -->
