<?xml version="1.0" encoding="UTF-8"?>
<!-- Generated by org.testng.reporters.JUnitReportReporter -->
<testsuite skipped="0" hostname="MPINDO02PC560" name="Ebiz.APIsTest.API_V1_GetSpecificAccountInvoiceDetails" tests="1" failures="0" timestamp="13 Sep 2018 07:30:50 GMT" time="29.001" errors="0">
  <testcase name="V1_GetSpecificAccountInvoiceDetails" time="29.001" classname="Ebiz.APIsTest.API_V1_GetSpecificAccountInvoiceDetails"/>
</testsuite> <!-- Ebiz.APIsTest.API_V1_GetSpecificAccountInvoiceDetails -->
