<?xml version="1.0" encoding="UTF-8"?>
<!-- Generated by org.testng.reporters.JUnitReportReporter -->
<testsuite skipped="0" hostname="MPINDO02PC560" name="Ebiz.Ecom.ValidateFor_MedicalOffices_Type_Business_LoggedInUser" tests="1" failures="0" timestamp="28 Aug 2018 12:06:40 GMT" time="42.950" errors="0">
  <testcase name="ValidateFor_MedicalOffices_Type_Business_LoggedInUser" time="42.950" classname="Ebiz.Ecom.ValidateFor_MedicalOffices_Type_Business_LoggedInUser"/>
</testsuite> <!-- Ebiz.Ecom.ValidateFor_MedicalOffices_Type_Business_LoggedInUser -->
