<?xml version="1.0" encoding="UTF-8"?>
<!-- Generated by org.testng.reporters.JUnitReportReporter -->
<testsuite skipped="0" hostname="MPINDO02PC560" name="Ebiz.APIsTest.API_V1_GetAccountDetailsUserIdIncludingDayOfService" tests="1" failures="0" timestamp="24 Aug 2018 07:12:10 GMT" time="25.293" errors="0">
  <testcase name="V1_GetAccountDetailsUserIdIncludingDayOfService" time="25.293" classname="Ebiz.APIsTest.API_V1_GetAccountDetailsUserIdIncludingDayOfService"/>
</testsuite> <!-- Ebiz.APIsTest.API_V1_GetAccountDetailsUserIdIncludingDayOfService -->
