<?xml version="1.0" encoding="UTF-8"?>
<!-- Generated by org.testng.reporters.JUnitReportReporter -->
<testsuite skipped="0" hostname="MPINDO02PC560" name="Ebiz.Entrymdoule.ValidationHeader_ThinkGreen" tests="1" failures="0" timestamp="18 Sep 2018 12:37:50 GMT" time="61.906" errors="0">
  <testcase name="ValidationHeader_ThinkGreen1" time="61.906" classname="Ebiz.Entrymdoule.ValidationHeader_ThinkGreen"/>
</testsuite> <!-- Ebiz.Entrymdoule.ValidationHeader_ThinkGreen -->
