<?xml version="1.0" encoding="UTF-8"?>
<!-- Generated by org.testng.reporters.JUnitReportReporter -->
<testsuite skipped="0" hostname="MPINDO02PC560" name="Ebiz.LampTracker_Home_GuestUser_CFLs_Flourescent_Validate_E2E_checkout" tests="1" failures="0" timestamp="19 Jul 2018 08:41:07 GMT" time="126.157" errors="0">
  <testcase name="LampTracker_Home_GuestUser_CFLs_Flourescent_Validate_E2E_checkout" time="126.157" classname="Ebiz.LampTracker_Home_GuestUser_CFLs_Flourescent_Validate_E2E_checkout"/>
</testsuite> <!-- Ebiz.LampTracker_Home_GuestUser_CFLs_Flourescent_Validate_E2E_checkout -->
