<?xml version="1.0" encoding="UTF-8"?>
<!-- Generated by org.testng.reporters.JUnitReportReporter -->
<testsuite skipped="0" hostname="MPINDO02PC560" name="Ebiz.Entrymdoule.WM_194_Entry_page_Cookied_user_functonality_for_Natural_Language_Widget" tests="1" failures="0" timestamp="30 Jul 2018 13:37:41 GMT" time="200.780" errors="0">
  <testcase name="WM_194_Entry_page_Cookied_user_functonality_for_Natural_Language_Widget" time="200.780" classname="Ebiz.Entrymdoule.WM_194_Entry_page_Cookied_user_functonality_for_Natural_Language_Widget"/>
</testsuite> <!-- Ebiz.Entrymdoule.WM_194_Entry_page_Cookied_user_functonality_for_Natural_Language_Widget -->
