<?xml version="1.0" encoding="UTF-8"?>
<!-- Generated by org.testng.reporters.JUnitReportReporter -->
<testsuite skipped="0" hostname="MPINDO02PC560" name="Ebiz.TestScenariosWise.WM_4798" tests="1" failures="0" timestamp="28 Aug 2018 12:33:57 GMT" time="194.606" errors="0">
  <testcase name="WM_4798" time="194.606" classname="Ebiz.TestScenariosWise.WM_4798"/>
</testsuite> <!-- Ebiz.TestScenariosWise.WM_4798 -->
