<?xml version="1.0" encoding="UTF-8"?>
<!-- Generated by org.testng.reporters.JUnitReportReporter -->
<testsuite skipped="0" hostname="MPINDO02PC560" name="Ebiz.Entrymdoule.WM_119_New_site_header_Search_icon_Functionality" tests="1" failures="0" timestamp="30 Jul 2018 09:29:16 GMT" time="42.070" errors="0">
  <testcase name="WM_119_New_site_header_Search_icon_Functionality" time="42.070" classname="Ebiz.Entrymdoule.WM_119_New_site_header_Search_icon_Functionality"/>
</testsuite> <!-- Ebiz.Entrymdoule.WM_119_New_site_header_Search_icon_Functionality -->
