<?xml version="1.0" encoding="UTF-8"?>
<!-- Generated by org.testng.reporters.JUnitReportReporter -->
<testsuite skipped="0" hostname="LalitJain" name="package1.testDataProvider" tests="2" failures="0" timestamp="22 Sep 2018 08:12:30 GMT" time="10.949" errors="0">
  <testcase name="testDataProvider2" time="5.415" classname="package1.testDataProvider"/>
  <testcase name="testDataProvider2" time="5.534" classname="package1.testDataProvider"/>
</testsuite> <!-- package1.testDataProvider -->
