<?xml version="1.0" encoding="UTF-8"?>
<!-- Generated by org.testng.reporters.JUnitReportReporter -->
<testsuite skipped="0" hostname="MPINDO02PC560" name="Ebiz.EselfService_ER_RollOffRequest_void" tests="1" failures="0" timestamp="13 Sep 2018 10:28:20 GMT" time="230.284" errors="0">
  <testcase name="EselfService_ER_RollOffRequest_success" time="230.284" classname="Ebiz.EselfService_ER_RollOffRequest_void"/>
</testsuite> <!-- Ebiz.EselfService_ER_RollOffRequest_void -->
