<?xml version="1.0" encoding="UTF-8"?>
<!-- Generated by org.testng.reporters.JUnitReportReporter -->
<testsuite skipped="0" hostname="MPINDO02PC560" name="Ebiz.MVP.MVP_BusinessUser_MultipleProduct_ResidentialCurbsidePage_RegisteredUserForResiSection_SignUpFlow_CurbsideOrderE2E" tests="1" failures="0" timestamp="24 Aug 2018 10:54:57 GMT" time="177.782" errors="0">
  <testcase name="MVP_FromResidentialCurbsidePage_Curbside_RegisteredUserForResiSection_SignUpFlow_CurbsideOrderE2E" time="177.782" classname="Ebiz.MVP.MVP_BusinessUser_MultipleProduct_ResidentialCurbsidePage_RegisteredUserForResiSection_SignUpFlow_CurbsideOrderE2E"/>
</testsuite> <!-- Ebiz.MVP.MVP_BusinessUser_MultipleProduct_ResidentialCurbsidePage_RegisteredUserForResiSection_SignUpFlow_CurbsideOrderE2E -->
