<?xml version="1.0" encoding="UTF-8"?>
<!-- Generated by org.testng.reporters.JUnitReportReporter -->
<testsuite skipped="0" hostname="MPINDO02PC560" name="Ebiz.MVP.MVP_CurbsideLandingpage_VerifytheCSRMail_Customersuppliedbags_SignUpflow_Guest_user_New_LOW2" tests="1" failures="0" timestamp="12 Jul 2018 09:10:52 GMT" time="339.103" errors="0">
  <testcase name="MVP_CurbsideLandingpage_VerifytheCSRMail_Customersuppliedbags_SignUpflow_Guest_user_New_LOW2" time="339.103" classname="Ebiz.MVP.MVP_CurbsideLandingpage_VerifytheCSRMail_Customersuppliedbags_SignUpflow_Guest_user_New_LOW2"/>
</testsuite> <!-- Ebiz.MVP.MVP_CurbsideLandingpage_VerifytheCSRMail_Customersuppliedbags_SignUpflow_Guest_user_New_LOW2 -->
