<?xml version="1.0" encoding="UTF-8"?>
<!-- Generated by org.testng.reporters.JUnitReportReporter -->
<testsuite skipped="0" hostname="MPINDO02PC560" name="Ebiz.Entrymdoule.WM_194_Entry_Page_Residential_routing_for_Invalid_address_Different_services" tests="1" failures="0" timestamp="31 Jul 2018 06:31:52 GMT" time="316.805" errors="0">
  <testcase name="WM_194_Entry_Page_Residential_routing_for_Invalid_address_Different_services" time="316.805" classname="Ebiz.Entrymdoule.WM_194_Entry_Page_Residential_routing_for_Invalid_address_Different_services"/>
</testsuite> <!-- Ebiz.Entrymdoule.WM_194_Entry_Page_Residential_routing_for_Invalid_address_Different_services -->
