<?xml version="1.0" encoding="UTF-8"?>
<!-- Generated by org.testng.reporters.JUnitReportReporter -->
<testsuite skipped="0" hostname="MPINDO02PC560" name="Ebiz.MVP.MVP_664_CalculationVerificationChangingQuantityTrashPickupOptionalProduct" tests="1" failures="0" timestamp="12 Sep 2018 12:46:31 GMT" time="67.827" errors="0">
  <testcase name="MVP_665_PriceSummarySectionValidationThroughOutCheckoutPages" time="67.827" classname="Ebiz.MVP.MVP_664_CalculationVerificationChangingQuantityTrashPickupOptionalProduct"/>
</testsuite> <!-- Ebiz.MVP.MVP_664_CalculationVerificationChangingQuantityTrashPickupOptionalProduct -->
