<?xml version="1.0" encoding="UTF-8"?>
<!-- Generated by org.testng.reporters.JUnitReportReporter -->
<testsuite skipped="0" hostname="MPINDO02PC560" name="Ebiz.APIsTest.API_V2_GetServiceContractDetails__ServicesETA_SingleEzPayId" tests="1" failures="0" timestamp="24 Aug 2018 07:33:10 GMT" time="26.213" errors="0">
  <testcase name="V2_GetServiceContractDetails__ServicesETA_SingleEzPayId" time="26.213" classname="Ebiz.APIsTest.API_V2_GetServiceContractDetails__ServicesETA_SingleEzPayId"/>
</testsuite> <!-- Ebiz.APIsTest.API_V2_GetServiceContractDetails__ServicesETA_SingleEzPayId -->
