<?xml version="1.0" encoding="UTF-8"?>
<!-- Generated by org.testng.reporters.JUnitReportReporter -->
<testsuite skipped="0" hostname="MPINDO02PC560" name="Ebiz.CustomerSupport.ToVerify_HelpTopics_NewToWM_SectionsLinks_OnCustomerSupportPage" tests="1" failures="0" timestamp="24 Jul 2018 13:49:13 GMT" time="164.306" errors="0">
  <testcase name="ToVerify_HelpTopics_NewToWM_SectionsLinks_OnCustomerSupportPage" time="164.306" classname="Ebiz.CustomerSupport.ToVerify_HelpTopics_NewToWM_SectionsLinks_OnCustomerSupportPage"/>
</testsuite> <!-- Ebiz.CustomerSupport.ToVerify_HelpTopics_NewToWM_SectionsLinks_OnCustomerSupportPage -->
