<?xml version="1.0" encoding="UTF-8"?>
<!-- Generated by org.testng.reporters.JUnitReportReporter -->
<testsuite skipped="0" hostname="MPINDO02PC560" name="Ebiz.TestScenariosWise.WM_4498_CSR_reports_page_always_display_calendar_for_last_12_months" tests="1" failures="0" timestamp="23 Jul 2018 11:34:06 GMT" time="129.308" errors="0">
  <testcase name="WM_4498_CSR_reports_page_always_display_calendar_for_last_12_months" time="129.308" classname="Ebiz.TestScenariosWise.WM_4498_CSR_reports_page_always_display_calendar_for_last_12_months"/>
</testsuite> <!-- Ebiz.TestScenariosWise.WM_4498_CSR_reports_page_always_display_calendar_for_last_12_months -->
