<?xml version="1.0" encoding="UTF-8"?>
<!-- Generated by org.testng.reporters.JUnitReportReporter -->
<testsuite skipped="0" hostname="MPINDO02PC560" name="Ebiz.MVP.MVP_CurbsideGuestuserBundled_WastePickupwithRecyclingWate_quantity1" tests="1" failures="0" timestamp="12 Jul 2018 08:54:08 GMT" time="276.483" errors="0">
  <testcase name="MVP_CurbsideGuestuserBundled_WastePickupwithRecyclingWate_quantity1" time="276.483" classname="Ebiz.MVP.MVP_CurbsideGuestuserBundled_WastePickupwithRecyclingWate_quantity1"/>
</testsuite> <!-- Ebiz.MVP.MVP_CurbsideGuestuserBundled_WastePickupwithRecyclingWate_quantity1 -->
