<?xml version="1.0" encoding="UTF-8"?>
<!-- Generated by org.testng.reporters.JUnitReportReporter -->
<testsuite skipped="0" hostname="MPINDO02PC560" name="Ebiz.Regression.OnlineAccountActivityAlerts_PaperLessBilling_Signup_Unenroll" tests="1" failures="0" timestamp="23 Jul 2018 16:48:07 GMT" time="332.370" errors="0">
  <testcase name="OnlineAccountActivityAlerts_PaperLessBilling_Signup_Unenroll" time="332.370" classname="Ebiz.Regression.OnlineAccountActivityAlerts_PaperLessBilling_Signup_Unenroll"/>
</testsuite> <!-- Ebiz.Regression.OnlineAccountActivityAlerts_PaperLessBilling_Signup_Unenroll -->
