<?xml version="1.0" encoding="UTF-8"?>
<!-- Generated by org.testng.reporters.JUnitReportReporter -->
<testsuite skipped="0" hostname="MPINDO02PC560" name="Ebiz.CustomerSupport.ToVerify_HowCanWeHelpSection_LinksFunctionality_OnCustomerSupportPage" tests="1" failures="0" timestamp="29 Aug 2018 10:43:00 GMT" time="88.644" errors="0">
  <testcase name="ToVerify_HowCanWeHelpSection_LinksFunctionality_OnCustomerSupportPage" time="88.644" classname="Ebiz.CustomerSupport.ToVerify_HowCanWeHelpSection_LinksFunctionality_OnCustomerSupportPage"/>
</testsuite> <!-- Ebiz.CustomerSupport.ToVerify_HowCanWeHelpSection_LinksFunctionality_OnCustomerSupportPage -->
