<?xml version="1.0" encoding="UTF-8"?>
<!-- Generated by org.testng.reporters.JUnitReportReporter -->
<testsuite skipped="0" hostname="MPINDO02PC560" name="Ebiz.Regression.BusinessLandingPage_UIvalidation_AnonymousUser" tests="1" failures="0" timestamp="24 Jul 2018 10:24:10 GMT" time="78.747" errors="0">
  <testcase name="BusinessLandingPage_UIvalidation_AnonymousUser" time="78.747" classname="Ebiz.Regression.BusinessLandingPage_UIvalidation_AnonymousUser"/>
</testsuite> <!-- Ebiz.Regression.BusinessLandingPage_UIvalidation_AnonymousUser -->
