<?xml version="1.0" encoding="UTF-8"?>
<!-- Generated by org.testng.reporters.JUnitReportReporter -->
<testsuite skipped="0" hostname="MPINDO02PC560" name="Ebiz.SFDC.ToCreate_HaulingFacility" tests="4" failures="0" timestamp="19 Sep 2018 09:34:52 GMT" time="546.255" errors="0">
  <testcase name="SFDC_CreateOperatingSchedule" time="125.127" classname="Ebiz.SFDC.ToCreate_HaulingFacility"/>
  <testcase name="SFDC_CreateFacilityContactInformation_CustomerService" time="112.723" classname="Ebiz.SFDC.ToCreate_HaulingFacility"/>
  <testcase name="SFDC_CreateFacilityContactInformation_Sales" time="105.021" classname="Ebiz.SFDC.ToCreate_HaulingFacility"/>
  <testcase name="SFDC_CreateFacilityHauling" time="203.384" classname="Ebiz.SFDC.ToCreate_HaulingFacility"/>
</testsuite> <!-- Ebiz.SFDC.ToCreate_HaulingFacility -->
