<?xml version="1.0" encoding="UTF-8"?>
<!-- Generated by org.testng.reporters.JUnitReportReporter -->
<testsuite skipped="0" hostname="MPINDO02PC560" name="Ebiz.CustomerSupport.CustomerSupport_Registred_ChangeReq_RequestNewService_ResiNavigation" tests="1" failures="0" timestamp="29 Aug 2018 10:03:45 GMT" time="69.921" errors="0">
  <testcase name="CustomerSupport_Registred_ChangeReq_RequestNewService_ResiNavigation" time="69.921" classname="Ebiz.CustomerSupport.CustomerSupport_Registred_ChangeReq_RequestNewService_ResiNavigation"/>
</testsuite> <!-- Ebiz.CustomerSupport.CustomerSupport_Registred_ChangeReq_RequestNewService_ResiNavigation -->
