<?xml version="1.0" encoding="UTF-8"?>
<!-- Generated by org.testng.reporters.JUnitReportReporter -->
<testsuite skipped="0" hostname="MPINDO02PC560" name="Ebiz.RequestNewServiceLoggedIn" tests="2" failures="0" timestamp="17 Jul 2018 09:57:40 GMT" time="426.655" errors="0">
  <testcase name="RequestNewServiceGuest" time="75.739" classname="Ebiz.RequestNewServiceLoggedIn"/>
  <testcase name="RequestNewServiceLoggedin" time="350.916" classname="Ebiz.RequestNewServiceLoggedIn"/>
</testsuite> <!-- Ebiz.RequestNewServiceLoggedIn -->
