<?xml version="1.0" encoding="UTF-8"?>
<!-- Generated by org.testng.reporters.JUnitReportReporter -->
<testsuite skipped="0" hostname="MPINDO02PC560" name="Ebiz.MyAccount.Verify_Express_Registration" tests="1" failures="0" timestamp="14 Sep 2018 09:19:40 GMT" time="623.650" errors="0">
  <testcase name="Verify_Express_Registration" time="623.650" classname="Ebiz.MyAccount.Verify_Express_Registration"/>
</testsuite> <!-- Ebiz.MyAccount.Verify_Express_Registration -->
