<?xml version="1.0" encoding="UTF-8"?>
<!-- Generated by org.testng.reporters.JUnitReportReporter -->
<testsuite skipped="0" hostname="LalitJain" name="MOF_testcases.toRegisterUserusingDataProvider" tests="7" failures="0" timestamp="14 Jul 2019 06:05:49 GMT" time="68.936" errors="0">
  <testcase name="toTestRegisteruserFunctionality" time="8.000" classname="MOF_testcases.toRegisterUserusingDataProvider"/>
  <testcase name="toTestRegisteruserFunctionality" time="11.569" classname="MOF_testcases.toRegisterUserusingDataProvider"/>
  <testcase name="toTestRegisteruserFunctionality" time="8.525" classname="MOF_testcases.toRegisterUserusingDataProvider"/>
  <testcase name="toTestRegisteruserFunctionality" time="8.588" classname="MOF_testcases.toRegisterUserusingDataProvider"/>
  <testcase name="toTestRegisteruserFunctionality" time="9.370" classname="MOF_testcases.toRegisterUserusingDataProvider"/>
  <testcase name="toTestRegisteruserFunctionality" time="8.188" classname="MOF_testcases.toRegisterUserusingDataProvider"/>
  <testcase name="toTestRegisteruserFunctionality" time="14.696" classname="MOF_testcases.toRegisterUserusingDataProvider"/>
</testsuite> <!-- MOF_testcases.toRegisterUserusingDataProvider -->
