<?xml version="1.0" encoding="UTF-8"?>
<!-- Generated by org.testng.reporters.JUnitReportReporter -->
<testsuite skipped="0" hostname="LalitJain" name="MOF_testcases.toRegisterUser" tests="1" failures="0" timestamp="14 Jul 2019 06:05:49 GMT" time="8.616" errors="0">
  <testcase name="toTestRegisteruserFunctionality" time="8.616" classname="MOF_testcases.toRegisterUser"/>
</testsuite> <!-- MOF_testcases.toRegisterUser -->
