<?xml version="1.0" encoding="UTF-8"?>
<!-- Generated by org.testng.reporters.JUnitReportReporter -->
<testsuite skipped="0" hostname="MPINDO02PC560" name="Ebiz.Entrymdoule.Verify_the_text_on_Entry_page_when_user_enters_invalid_address" tests="1" failures="0" timestamp="30 Jul 2018 08:55:44 GMT" time="43.105" errors="0">
  <testcase name="Verify_the_text_on_Entry_page_when_user_enters_invalid_address" time="43.105" classname="Ebiz.Entrymdoule.Verify_the_text_on_Entry_page_when_user_enters_invalid_address"/>
</testsuite> <!-- Ebiz.Entrymdoule.Verify_the_text_on_Entry_page_when_user_enters_invalid_address -->
