<?xml version="1.0" encoding="UTF-8"?>
<!-- Generated by org.testng.reporters.JUnitReportReporter -->
<testsuite skipped="0" hostname="MPINDO02PC560" name="Ebiz.CustomerSupport.ToVerifyCategoriesAndSubcategoriesLevelValidationForDropDownsRequestAnExtraPickUpForm" tests="1" failures="0" timestamp="14 Aug 2018 09:37:36 GMT" time="610.935" errors="0">
  <testcase name="ToVerifyCategoriesAndSubcategoriesLevelValidationForDropDownsRequestAnExtraPickUpForm" time="610.935" classname="Ebiz.CustomerSupport.ToVerifyCategoriesAndSubcategoriesLevelValidationForDropDownsRequestAnExtraPickUpForm"/>
</testsuite> <!-- Ebiz.CustomerSupport.ToVerifyCategoriesAndSubcategoriesLevelValidationForDropDownsRequestAnExtraPickUpForm -->
