<?xml version="1.0" encoding="UTF-8"?>
<!-- Generated by org.testng.reporters.JUnitReportReporter -->
<testsuite skipped="0" hostname="MPINDO02PC560" name="Ebiz.Entrymdoule.ValidationHeader_BusinessSection" tests="1" failures="0" timestamp="18 Sep 2018 11:01:50 GMT" time="109.433" errors="0">
  <testcase name="ValidationHeader_BusinessSection1" time="109.433" classname="Ebiz.Entrymdoule.ValidationHeader_BusinessSection"/>
</testsuite> <!-- Ebiz.Entrymdoule.ValidationHeader_BusinessSection -->
