<?xml version="1.0" encoding="UTF-8"?>
<!-- Generated by org.testng.reporters.JUnitReportReporter -->
<testsuite skipped="0" hostname="MPINDO02PC560" name="Ebiz.MVP.Verify_NavigationFromHomePage_MegaMenu_ResidentialPage_To_RequestAQuotePage" tests="1" failures="0" timestamp="28 Aug 2018 13:00:14 GMT" time="354.977" errors="0">
  <testcase name="Verify_NavigationFromHomePage_MegaMenu_ResidentialPage_To_RequestAQuotePage" time="354.977" classname="Ebiz.MVP.Verify_NavigationFromHomePage_MegaMenu_ResidentialPage_To_RequestAQuotePage"/>
</testsuite> <!-- Ebiz.MVP.Verify_NavigationFromHomePage_MegaMenu_ResidentialPage_To_RequestAQuotePage -->
