<?xml version="1.0" encoding="UTF-8"?>
<!-- Generated by org.testng.reporters.JUnitReportReporter -->
<testsuite skipped="0" hostname="MPINDO02PC560" name="Ebiz.Regression.Dumpster_ChangeOrder_001Registereduser_modify_order" tests="1" failures="0" timestamp="23 Jul 2018 16:48:07 GMT" time="238.493" errors="0">
  <testcase name="Dumpster_ChangeOrder_001Registereduser_modify_order" time="238.493" classname="Ebiz.Regression.Dumpster_ChangeOrder_001Registereduser_modify_order"/>
</testsuite> <!-- Ebiz.Regression.Dumpster_ChangeOrder_001Registereduser_modify_order -->
