<?xml version="1.0" encoding="UTF-8"?>
<!-- Generated by org.testng.reporters.JUnitReportReporter -->
<testsuite skipped="0" hostname="MPINDO02PC560" name="Ebiz.Entrymdoule.Verify_that_the_text_on_Resi_Business_Landing_Page_when_user_enters_invalid_address" tests="1" failures="0" timestamp="30 Jul 2018 08:53:19 GMT" time="39.823" errors="0">
  <testcase name="Verify_that_the_text_on_Resi_Business_Landing_Page_when_user_enters_invalid_address" time="39.823" classname="Ebiz.Entrymdoule.Verify_that_the_text_on_Resi_Business_Landing_Page_when_user_enters_invalid_address"/>
</testsuite> <!-- Ebiz.Entrymdoule.Verify_that_the_text_on_Resi_Business_Landing_Page_when_user_enters_invalid_address -->
