<?xml version="1.0" encoding="UTF-8"?>
<!-- Generated by org.testng.reporters.JUnitReportReporter -->
<testsuite skipped="0" hostname="MPINDO02PC560" name="Ebiz.SFDC.ToCreate_RecyclingFacility" tests="4" failures="0" timestamp="19 Sep 2018 09:34:52 GMT" time="555.990" errors="0">
  <testcase name="SFDC_CreateOperatingSchedule" time="118.382" classname="Ebiz.SFDC.ToCreate_RecyclingFacility"/>
  <testcase name="SFDC_CreateFacilityContactInformation_CustomerService" time="130.156" classname="Ebiz.SFDC.ToCreate_RecyclingFacility"/>
  <testcase name="SFDC_CreateFacilityContactInformation_Sales" time="113.580" classname="Ebiz.SFDC.ToCreate_RecyclingFacility"/>
  <testcase name="SFDC_CreateFacilityRecycling" time="193.872" classname="Ebiz.SFDC.ToCreate_RecyclingFacility"/>
</testsuite> <!-- Ebiz.SFDC.ToCreate_RecyclingFacility -->
