<?xml version="1.0" encoding="UTF-8"?>
<!-- Generated by org.testng.reporters.JUnitReportReporter -->
<testsuite skipped="0" hostname="MPINDO02PC560" name="Ebiz.Ecom.LampTracker_Resi_RegisteredUser_MedicalWaste_Validate_E2ECheckout" tests="1" failures="0" timestamp="20 Jul 2018 06:58:46 GMT" time="387.465" errors="0">
  <testcase name="LampTracker_Resi_RegisteredUser_MedicalWaste_Validate_E2ECheckout" time="387.465" classname="Ebiz.Ecom.LampTracker_Resi_RegisteredUser_MedicalWaste_Validate_E2ECheckout"/>
</testsuite> <!-- Ebiz.Ecom.LampTracker_Resi_RegisteredUser_MedicalWaste_Validate_E2ECheckout -->
