<?xml version="1.0" encoding="UTF-8"?>
<!-- Generated by org.testng.reporters.JUnitReportReporter -->
<testsuite skipped="0" hostname="MPINDO02PC560" name="Ebiz.CustomerSupport.CustomerSupport_Registered_ChangeReq_RequestNewService_BusinessNavigation" tests="1" failures="0" timestamp="29 Aug 2018 10:01:56 GMT" time="82.249" errors="0">
  <testcase name="CustomerSupport_Registered_ChangeReq_RequestNewService_BusinessNavigation" time="82.249" classname="Ebiz.CustomerSupport.CustomerSupport_Registered_ChangeReq_RequestNewService_BusinessNavigation"/>
</testsuite> <!-- Ebiz.CustomerSupport.CustomerSupport_Registered_ChangeReq_RequestNewService_BusinessNavigation -->
