<?xml version="1.0" encoding="UTF-8"?>
<!-- Generated by org.testng.reporters.JUnitReportReporter -->
<testsuite skipped="0" hostname="MPINDO02PC560" name="Ebiz.CustomerSupport.CustomerSupport_ChangeReq_RequestNewService_ResiNavigationCheck" tests="1" failures="0" timestamp="05 Jul 2018 11:24:16 GMT" time="93.165" errors="0">
  <testcase name="CustomerSupport_ChangeReq_RequestNewService_ResiNavigationCheck" time="93.165" classname="Ebiz.CustomerSupport.CustomerSupport_ChangeReq_RequestNewService_ResiNavigationCheck"/>
</testsuite> <!-- Ebiz.CustomerSupport.CustomerSupport_ChangeReq_RequestNewService_ResiNavigationCheck -->
