<?xml version="1.0" encoding="UTF-8"?>
<!-- Generated by org.testng.reporters.JUnitReportReporter -->
<testsuite skipped="0" hostname="MPINDO02PC560" name="Ebiz.Entrymdoule.WM_194_EntryPage_Business_routing_for_invalid_address_and_no_service_selected" tests="1" failures="0" timestamp="31 Jul 2018 11:13:19 GMT" time="39.215" errors="0">
  <testcase name="WM_194_EntryPage_Business_routing_for_invalid_address_and_no_service_selected" time="39.215" classname="Ebiz.Entrymdoule.WM_194_EntryPage_Business_routing_for_invalid_address_and_no_service_selected"/>
</testsuite> <!-- Ebiz.Entrymdoule.WM_194_EntryPage_Business_routing_for_invalid_address_and_no_service_selected -->
