<?xml version="1.0" encoding="UTF-8"?>
<!-- Generated by org.testng.reporters.JUnitReportReporter -->
<testsuite skipped="0" hostname="MPINDO02PC560" name="Ebiz.Ecom.verify_DumpsterCategory_removed_PriceShown_ForNewCustomerText" tests="1" failures="0" timestamp="28 Aug 2018 12:09:15 GMT" time="93.443" errors="0">
  <testcase name="verify_DumpsterCategory_removed_PriceShown_ForNewCustomerText" time="93.443" classname="Ebiz.Ecom.verify_DumpsterCategory_removed_PriceShown_ForNewCustomerText"/>
</testsuite> <!-- Ebiz.Ecom.verify_DumpsterCategory_removed_PriceShown_ForNewCustomerText -->
