<?xml version="1.0" encoding="UTF-8"?>
<!-- Generated by org.testng.reporters.JUnitReportReporter -->
<testsuite skipped="0" hostname="MPINDO02PC560" name="Ebiz.Entrymdoule.ValidationHeader_IndustrySolutions" tests="1" failures="0" timestamp="18 Sep 2018 12:33:45 GMT" time="48.970" errors="0">
  <testcase name="ValidationHeader_IndustrySolutions1" time="48.970" classname="Ebiz.Entrymdoule.ValidationHeader_IndustrySolutions"/>
</testsuite> <!-- Ebiz.Entrymdoule.ValidationHeader_IndustrySolutions -->
