<?xml version="1.0" encoding="UTF-8"?>
<!-- Generated by org.testng.reporters.JUnitReportReporter -->
<testsuite skipped="0" hostname="MPINDO02PC560" name="Ebiz.MVP.MVP_CurbsideGuestuserBundled_WastPickupwithRecyclingPickupQuantitymorethan1" tests="1" failures="0" timestamp="12 Jul 2018 09:05:03 GMT" time="300.318" errors="0">
  <testcase name="MVP_CurbsideGuestuserBundled_WastPickupwithRecyclingPickupQuantitymorethan1" time="300.318" classname="Ebiz.MVP.MVP_CurbsideGuestuserBundled_WastPickupwithRecyclingPickupQuantitymorethan1"/>
</testsuite> <!-- Ebiz.MVP.MVP_CurbsideGuestuserBundled_WastPickupwithRecyclingPickupQuantitymorethan1 -->
