<?xml version="1.0" encoding="UTF-8"?>
<!-- Generated by org.testng.reporters.JUnitReportReporter -->
<testsuite skipped="0" hostname="MPINDO02PC560" name="Ebiz.SMB_RegisteredUser_Promotioncodeoffers" tests="1" failures="0" timestamp="17 Jul 2018 09:57:40 GMT" time="202.829" errors="0">
  <testcase name="SMB_RegisteredUser_Promotioncodeoffers" time="202.829" classname="Ebiz.SMB_RegisteredUser_Promotioncodeoffers"/>
</testsuite> <!-- Ebiz.SMB_RegisteredUser_Promotioncodeoffers -->
