<?xml version="1.0" encoding="UTF-8"?>
<!-- Generated by org.testng.reporters.JUnitReportReporter -->
<testsuite skipped="0" hostname="MPINDO02PC560" name="Ebiz.Regression.ResiLandingPage_WelcomeWidget_Verification_NonLoggedUserAndLoggedUser" tests="1" failures="0" timestamp="23 Jul 2018 16:48:07 GMT" time="102.467" errors="0">
  <testcase name="ResiLandingPage_WelcomeWidget_Verification_NonLoggedUserAndLoggedUser" time="102.467" classname="Ebiz.Regression.ResiLandingPage_WelcomeWidget_Verification_NonLoggedUserAndLoggedUser"/>
</testsuite> <!-- Ebiz.Regression.ResiLandingPage_WelcomeWidget_Verification_NonLoggedUserAndLoggedUser -->
