<?xml version="1.0" encoding="UTF-8"?>
<!-- Generated by org.testng.reporters.JUnitReportReporter -->
<testsuite skipped="0" hostname="MPINDO02PC560" name="Ebiz.Regression.VisibilityofwidgetsatBusinessLandingpageforResiCustomer" tests="1" failures="0" timestamp="23 Jul 2018 16:48:07 GMT" time="47.368" errors="0">
  <testcase name="VisibilityofwidgetsatBusinessLandingpageforResiCustomer" time="47.368" classname="Ebiz.Regression.VisibilityofwidgetsatBusinessLandingpageforResiCustomer"/>
</testsuite> <!-- Ebiz.Regression.VisibilityofwidgetsatBusinessLandingpageforResiCustomer -->
