<?xml version="1.0" encoding="UTF-8"?>
<!-- Generated by org.testng.reporters.JUnitReportReporter -->
<testsuite skipped="0" hostname="MPINDO02PC560" name="Ebiz.SFDC.ToCreateNewHolidaySchedule_MarketAreaDefaultHolidayClosures" tests="1" failures="0" timestamp="19 Sep 2018 08:01:43 GMT" time="119.354" errors="0">
  <testcase name="SFDC_CreateNewHolidaySchedule" time="119.354" classname="Ebiz.SFDC.ToCreateNewHolidaySchedule_MarketAreaDefaultHolidayClosures"/>
</testsuite> <!-- Ebiz.SFDC.ToCreateNewHolidaySchedule_MarketAreaDefaultHolidayClosures -->
