<?xml version="1.0" encoding="UTF-8"?>
<!-- Generated by org.testng.reporters.JUnitReportReporter -->
<testsuite skipped="0" hostname="MPINDO02PC560" name="Ebiz.SFDC.SFDC_CreateOperatingSchedule" tests="4" failures="0" timestamp="03 Sep 2018 13:30:48 GMT" time="345.625" errors="0">
  <testcase name="SFDC_CreateOperatingSchedule" time="85.046" classname="Ebiz.SFDC.SFDC_CreateOperatingSchedule"/>
  <testcase name="SFDC_CreateFacilityContactInformation_CustomerService" time="100.410" classname="Ebiz.SFDC.SFDC_CreateOperatingSchedule"/>
  <testcase name="SFDC_CreateFacilityContactInformation_Sales" time="83.226" classname="Ebiz.SFDC.SFDC_CreateOperatingSchedule"/>
  <testcase name="SFDC_CreateFacility" time="76.943" classname="Ebiz.SFDC.SFDC_CreateOperatingSchedule"/>
</testsuite> <!-- Ebiz.SFDC.SFDC_CreateOperatingSchedule -->
