<?xml version="1.0" encoding="UTF-8"?>
<!-- Generated by org.testng.reporters.JUnitReportReporter -->
<testsuite skipped="0" hostname="MPINDO02PC560" name="Ebiz.TestScenariosWise.LampTracker_Home_GuestUser_CFLs_Flourescent_Validate_E2E_checkout" tests="1" failures="0" timestamp="19 Jul 2018 12:56:34 GMT" time="335.115" errors="0">
  <testcase name="LampTracker_Home_GuestUser_CFLs_Flourescent_Validate_E2E_checkout" time="335.115" classname="Ebiz.TestScenariosWise.LampTracker_Home_GuestUser_CFLs_Flourescent_Validate_E2E_checkout"/>
</testsuite> <!-- Ebiz.TestScenariosWise.LampTracker_Home_GuestUser_CFLs_Flourescent_Validate_E2E_checkout -->
