<?xml version="1.0" encoding="UTF-8"?>
<!-- Generated by org.testng.reporters.JUnitReportReporter -->
<testsuite skipped="0" hostname="MPINDO02PC560" name="Ebiz.Entrymdoule.WM_118_Welcome_Widget_Single_eZpay_id_cookied_Non_Logged_In" tests="1" failures="0" timestamp="30 Jul 2018 09:27:24 GMT" time="44.311" errors="0">
  <testcase name="WM_118_Welcome_Widget_Single_eZpay_id_cookied_Non_Logged_In" time="44.311" classname="Ebiz.Entrymdoule.WM_118_Welcome_Widget_Single_eZpay_id_cookied_Non_Logged_In"/>
</testsuite> <!-- Ebiz.Entrymdoule.WM_118_Welcome_Widget_Single_eZpay_id_cookied_Non_Logged_In -->
