<?xml version="1.0" encoding="UTF-8"?>
<!-- Generated by org.testng.reporters.JUnitReportReporter -->
<testsuite skipped="0" hostname="MPINDO02PC560" name="Ebiz.Entrymdoule.WM_194_Entry_Page_Business_routing_for_valid_address_present_in_SFDC_and_no_service_selected" tests="1" failures="0" timestamp="30 Jul 2018 13:30:51 GMT" time="59.795" errors="0">
  <testcase name="WM_194_Entry_Page_Business_routing_for_valid_address_present_in_SFDC_and_no_service_selected" time="59.795" classname="Ebiz.Entrymdoule.WM_194_Entry_Page_Business_routing_for_valid_address_present_in_SFDC_and_no_service_selected"/>
</testsuite> <!-- Ebiz.Entrymdoule.WM_194_Entry_Page_Business_routing_for_valid_address_present_in_SFDC_and_no_service_selected -->
