<?xml version="1.0" encoding="UTF-8"?>
<!-- Generated by org.testng.reporters.JUnitReportReporter -->
<testsuite skipped="0" hostname="MPINDO02PC560" name="Ebiz.MVP.MVP_ResidentialCurbsidePage_Curbside_GuestUserResiSection_ValidatePromoCodeErrorMsgforMothly" tests="1" failures="0" timestamp="14 Aug 2018 07:47:19 GMT" time="119.834" errors="0">
  <testcase name="MVP_ResidentialCurbsidePage_Curbside_GuestUserResiSection_ValidatePromoCodeErrorMsgforMothly" time="119.834" classname="Ebiz.MVP.MVP_ResidentialCurbsidePage_Curbside_GuestUserResiSection_ValidatePromoCodeErrorMsgforMothly"/>
</testsuite> <!-- Ebiz.MVP.MVP_ResidentialCurbsidePage_Curbside_GuestUserResiSection_ValidatePromoCodeErrorMsgforMothly -->
