<?xml version="1.0" encoding="UTF-8"?>
<!-- Generated by org.testng.reporters.JUnitReportReporter -->
<testsuite skipped="0" hostname="MPINDO02PC560" name="Ebiz.Regression.VerifySMBmodalwindowwhenalreadyproductinthecartSMBProduct_DeclineScenario_Scheduledwastepickup" tests="1" failures="0" timestamp="23 Jul 2018 16:48:07 GMT" time="170.083" errors="0">
  <testcase name="VerifySMBmodalwindowwhenalreadyproductinthecartSMBProduct_DeclineScenario_Scheduledwastepickup" time="170.083" classname="Ebiz.Regression.VerifySMBmodalwindowwhenalreadyproductinthecartSMBProduct_DeclineScenario_Scheduledwastepickup"/>
</testsuite> <!-- Ebiz.Regression.VerifySMBmodalwindowwhenalreadyproductinthecartSMBProduct_DeclineScenario_Scheduledwastepickup -->
