<?xml version="1.0" encoding="UTF-8"?>
<!-- Generated by org.testng.reporters.JUnitReportReporter -->
<testsuite skipped="0" hostname="MPINDO02PC560" name="Ebiz.Entrymdoule.WM_194_Entry_Page_Business_routing_for_Valid_address_but_present_in_SFDC_only" tests="1" failures="0" timestamp="30 Jul 2018 13:19:24 GMT" time="447.639" errors="0">
  <testcase name="WM_194_Entry_Page_Business_routing_for_Valid_address_but_present_in_SFDC_only" time="447.639" classname="Ebiz.Entrymdoule.WM_194_Entry_Page_Business_routing_for_Valid_address_but_present_in_SFDC_only"/>
</testsuite> <!-- Ebiz.Entrymdoule.WM_194_Entry_Page_Business_routing_for_Valid_address_but_present_in_SFDC_only -->
