<?xml version="1.0" encoding="UTF-8"?>
<!-- Generated by org.testng.reporters.JUnitReportReporter -->
<testsuite skipped="0" hostname="MPINDO02PC560" name="Ebiz.Entrymdoule.WM_194_Entry_Page_Business_Routing_for_Valid_address_present_in_SFDC_and_MAS_both_Different_services" tests="1" failures="0" timestamp="30 Jul 2018 13:23:31 GMT" time="53.282" errors="0">
  <testcase name="WM_194_Entry_Page_Business_Routing_for_Valid_address_present_in_SFDC_and_MAS_both_Different_services" time="53.282" classname="Ebiz.Entrymdoule.WM_194_Entry_Page_Business_Routing_for_Valid_address_present_in_SFDC_and_MAS_both_Different_services"/>
</testsuite> <!-- Ebiz.Entrymdoule.WM_194_Entry_Page_Business_Routing_for_Valid_address_present_in_SFDC_and_MAS_both_Different_services -->
