<?xml version="1.0" encoding="UTF-8"?>
<!-- Generated by org.testng.reporters.JUnitReportReporter -->
<testsuite skipped="0" hostname="MPINDO02PC560" name="Ebiz.Regression.NewsiteheaderAlerticonFunctionality" tests="1" failures="0" timestamp="23 Jul 2018 16:48:07 GMT" time="103.355" errors="0">
  <testcase name="NewsiteheaderAlerticonFunctionality" time="103.355" classname="Ebiz.Regression.NewsiteheaderAlerticonFunctionality"/>
</testsuite> <!-- Ebiz.Regression.NewsiteheaderAlerticonFunctionality -->
