<?xml version="1.0" encoding="UTF-8"?>
<!-- Generated by org.testng.reporters.JUnitReportReporter -->
<testsuite skipped="0" hostname="MPINDO02PC560" name="Ebiz.LampTracker_Home_RegisteredUser_CFLs_Flourescent_Functionality_Continue_Shopping" tests="1" failures="0" timestamp="19 Jul 2018 09:10:49 GMT" time="145.764" errors="0">
  <testcase name="LampTracker_Home_RegisteredUser_CFLs_Flourescent_Functionality_Continue_Shopping" time="145.764" classname="Ebiz.LampTracker_Home_RegisteredUser_CFLs_Flourescent_Functionality_Continue_Shopping"/>
</testsuite> <!-- Ebiz.LampTracker_Home_RegisteredUser_CFLs_Flourescent_Functionality_Continue_Shopping -->
