<?xml version="1.0" encoding="UTF-8"?>
<!-- Generated by org.testng.reporters.JUnitReportReporter -->
<testsuite skipped="0" hostname="MPINDO02PC560" name="Ebiz.Entrymdoule.Local_address_Other_service_should_get_navigate_to_Resi_Local_Page" tests="1" failures="0" timestamp="30 Jul 2018 07:23:44 GMT" time="41.212" errors="0">
  <testcase name="Local_address_Other_service_should_get_navigate_to_Resi_Local_Page" time="41.212" classname="Ebiz.Entrymdoule.Local_address_Other_service_should_get_navigate_to_Resi_Local_Page"/>
</testsuite> <!-- Ebiz.Entrymdoule.Local_address_Other_service_should_get_navigate_to_Resi_Local_Page -->
