<?xml version="1.0" encoding="UTF-8"?>
<!-- Generated by org.testng.reporters.JUnitReportReporter -->
<testsuite skipped="0" hostname="MPINDO02PC560" name="Ebiz.Ecom.Verify_the_Dumpster_Modal_Navigation" tests="1" failures="0" timestamp="28 Aug 2018 12:11:38 GMT" time="67.696" errors="0">
  <testcase name="Verify_the_Dumpster_Modal_Navigation" time="67.696" classname="Ebiz.Ecom.Verify_the_Dumpster_Modal_Navigation"/>
</testsuite> <!-- Ebiz.Ecom.Verify_the_Dumpster_Modal_Navigation -->
