<?xml version="1.0" encoding="UTF-8"?>
<!-- Generated by org.testng.reporters.JUnitReportReporter -->
<testsuite skipped="0" hostname="MPINDO02PC560" name="Ebiz.Regression.Residentiallandingpage_whatwouldyouliketoDo" tests="1" failures="0" timestamp="23 Jul 2018 16:48:07 GMT" time="39.863" errors="0">
  <testcase name="Residentiallandingpage_whatwouldyouliketoDo" time="39.863" classname="Ebiz.Regression.Residentiallandingpage_whatwouldyouliketoDo"/>
</testsuite> <!-- Ebiz.Regression.Residentiallandingpage_whatwouldyouliketoDo -->
