<?xml version="1.0" encoding="UTF-8"?>
<!-- Generated by org.testng.reporters.JUnitReportReporter -->
<testsuite skipped="0" hostname="MPINDO02PC560" name="Ebiz.MVP.MVP_ResidentialCurbsidePage_Curbside_GuestUserValidateMonthlyBillingOption" tests="1" failures="0" timestamp="27 Jul 2018 09:16:42 GMT" time="116.328" errors="0">
  <testcase name="MVP_ResidentialCurbsidePage_Curbside_GuestUserValidateMonthlyBillingOption" time="116.328" classname="Ebiz.MVP.MVP_ResidentialCurbsidePage_Curbside_GuestUserValidateMonthlyBillingOption"/>
</testsuite> <!-- Ebiz.MVP.MVP_ResidentialCurbsidePage_Curbside_GuestUserValidateMonthlyBillingOption -->
