<?xml version="1.0" encoding="UTF-8"?>
<!-- Generated by org.testng.reporters.JUnitReportReporter -->
<testsuite skipped="0" hostname="MPINDO02PC560" name="Ebiz.Lamptracker_Registered_User_Promotion_code_offers_percentage_discount" tests="1" failures="0" timestamp="19 Jul 2018 08:41:07 GMT" time="156.460" errors="0">
  <testcase name="Lamptracker_Registered_User_Promotion_code_offers_percentage_discount" time="156.460" classname="Ebiz.Lamptracker_Registered_User_Promotion_code_offers_percentage_discount"/>
</testsuite> <!-- Ebiz.Lamptracker_Registered_User_Promotion_code_offers_percentage_discount -->
