<?xml version="1.0" encoding="UTF-8"?>
<!-- Generated by org.testng.reporters.JUnitReportReporter -->
<testsuite skipped="0" hostname="MPINDO02PC560" name="Ebiz.Entrymdoule.WM_194_Entry_Page_Business_Routing_for_Invalid_address_Different_services" tests="1" failures="0" timestamp="30 Jul 2018 10:27:53 GMT" time="239.778" errors="0">
  <testcase name="WM_194_Entry_Page_Business_Routing_for_Invalid_address_Different_services" time="239.778" classname="Ebiz.Entrymdoule.WM_194_Entry_Page_Business_Routing_for_Invalid_address_Different_services"/>
</testsuite> <!-- Ebiz.Entrymdoule.WM_194_Entry_Page_Business_Routing_for_Invalid_address_Different_services -->
