<?xml version="1.0" encoding="UTF-8"?>
<!-- Generated by org.testng.reporters.JUnitReportReporter -->
<testsuite skipped="0" hostname="MPINDO02PC560" name="Ebiz.MVP.MVP_FromResidentialCurbsidePage_Curbside_GuestUserForResiSection_SignUpFlow_CurbsideOrderE2E" tests="1" failures="0" timestamp="20 Sep 2018 07:11:45 GMT" time="156.359" errors="0">
  <testcase name="MVP_FromResidentialCurbsidePage_Curbside_GuestUserForResiSection_SignUpFlow_CurbsideOrderE2E" time="156.359" classname="Ebiz.MVP.MVP_FromResidentialCurbsidePage_Curbside_GuestUserForResiSection_SignUpFlow_CurbsideOrderE2E"/>
</testsuite> <!-- Ebiz.MVP.MVP_FromResidentialCurbsidePage_Curbside_GuestUserForResiSection_SignUpFlow_CurbsideOrderE2E -->
