<?xml version="1.0" encoding="UTF-8"?>
<!-- Generated by org.testng.reporters.JUnitReportReporter -->
<testsuite skipped="0" hostname="MPINDO02PC560" name="Ebiz.MVP.MVP34_ResidentialCurbsidePageNavigation_GuestUser_FlowsToMyAccountPage_MultipleProduct" tests="1" failures="0" timestamp="14 Aug 2018 10:40:39 GMT" time="109.637" errors="0">
  <testcase name="MVP34_ResidentialCurbsidePageNavigation_GuestUser_FlowsToMyAccountPage_MultipleProduct" time="109.637" classname="Ebiz.MVP.MVP34_ResidentialCurbsidePageNavigation_GuestUser_FlowsToMyAccountPage_MultipleProduct"/>
</testsuite> <!-- Ebiz.MVP.MVP34_ResidentialCurbsidePageNavigation_GuestUser_FlowsToMyAccountPage_MultipleProduct -->
