<?xml version="1.0" encoding="UTF-8"?>
<!-- Generated by org.testng.reporters.JUnitReportReporter -->
<testsuite skipped="0" hostname="MPINDO02PC560" name="Ebiz.Ecom.WM_PassiveUserRegistration_GuestUserForBusinessSection_PermanentServc_SignUpFlow_DumpsterOrderE2E" tests="1" failures="0" timestamp="19 Jul 2018 15:11:23 GMT" time="270.979" errors="0">
  <testcase name="WM_PassiveUserRegistration_GuestUserForBusinessSection_PermanentServc_SignUpFlow_DumpsterOrderE2E" time="270.979" classname="Ebiz.Ecom.WM_PassiveUserRegistration_GuestUserForBusinessSection_PermanentServc_SignUpFlow_DumpsterOrderE2E"/>
</testsuite> <!-- Ebiz.Ecom.WM_PassiveUserRegistration_GuestUserForBusinessSection_PermanentServc_SignUpFlow_DumpsterOrderE2E -->
