<?xml version="1.0" encoding="UTF-8"?>
<!-- Generated by org.testng.reporters.JUnitReportReporter -->
<testsuite skipped="0" hostname="MPINDO02PC560" name="Ebiz.MVP.MVP34_ValidateUIofMyAccountPage" tests="1" failures="0" timestamp="26 Jul 2018 09:25:49 GMT" time="119.602" errors="0">
  <testcase name="MVP34_ValidateUIofMyAccountPage" time="119.602" classname="Ebiz.MVP.MVP34_ValidateUIofMyAccountPage"/>
</testsuite> <!-- Ebiz.MVP.MVP34_ValidateUIofMyAccountPage -->
