<?xml version="1.0" encoding="UTF-8"?>
<!-- Generated by org.testng.reporters.JUnitReportReporter -->
<testsuite skipped="0" hostname="MPINDO02PC560" name="Ebiz.MVP.MVP_HomePage_Curbside_GuestUserForResiSection_SignUpFlow_CurbsideOrderE2E" tests="1" failures="0" timestamp="12 Jul 2018 10:41:55 GMT" time="277.563" errors="0">
  <testcase name="MVP_HomePage_Curbside_GuestUserForResiSection_SignUpFlow_CurbsideOrderE2E" time="277.563" classname="Ebiz.MVP.MVP_HomePage_Curbside_GuestUserForResiSection_SignUpFlow_CurbsideOrderE2E"/>
</testsuite> <!-- Ebiz.MVP.MVP_HomePage_Curbside_GuestUserForResiSection_SignUpFlow_CurbsideOrderE2E -->
