<?xml version="1.0" encoding="UTF-8"?>
<!-- Generated by org.testng.reporters.JUnitReportReporter -->
<testsuite skipped="0" hostname="MPINDO02PC560" name="Ebiz.Regression.ValidationHeader_PayMyBill" tests="1" failures="0" timestamp="06 Aug 2018 11:04:28 GMT" time="35.688" errors="0">
  <testcase name="ValidationHeader_PayMyBill" time="35.688" classname="Ebiz.Regression.ValidationHeader_PayMyBill"/>
</testsuite> <!-- Ebiz.Regression.ValidationHeader_PayMyBill -->
