<?xml version="1.0" encoding="UTF-8"?>
<!-- Generated by org.testng.reporters.JUnitReportReporter -->
<testsuite skipped="0" hostname="MPINDO02PC560" name="Ebiz.TestScenariosWise.Autopay_Edit_Paymentinfo_via_myaccount" tests="1" failures="0" timestamp="23 Jul 2018 10:23:09 GMT" time="70.532" errors="0">
  <testcase name="Autopay_Edit_Paymentinfo_via_myaccount1" time="70.532" classname="Ebiz.TestScenariosWise.Autopay_Edit_Paymentinfo_via_myaccount"/>
</testsuite> <!-- Ebiz.TestScenariosWise.Autopay_Edit_Paymentinfo_via_myaccount -->
