<?xml version="1.0" encoding="UTF-8"?>
<!-- Generated by org.testng.reporters.JUnitReportReporter -->
<testsuite skipped="0" hostname="MPINDO02PC560" name="Ebiz.MVP.MVP_704_VerifyCalenderEnhancementOMRAccountSetupTimelines" tests="1" failures="0" timestamp="07 Sep 2018 10:56:57 GMT" time="91.667" errors="0">
  <testcase name="MVP_704_VerifyCalenderEnhancementOMRAccountSetupTimelines" time="91.667" classname="Ebiz.MVP.MVP_704_VerifyCalenderEnhancementOMRAccountSetupTimelines"/>
</testsuite> <!-- Ebiz.MVP.MVP_704_VerifyCalenderEnhancementOMRAccountSetupTimelines -->
