<?xml version="1.0" encoding="UTF-8"?>
<!-- Generated by org.testng.reporters.JUnitReportReporter -->
<testsuite skipped="0" hostname="MPINDO02PC560" name="Ebiz.SMB_Registered_ToValidateVerifyorderscreen_RegistrationOfUser" tests="1" failures="0" timestamp="17 Jul 2018 09:57:40 GMT" time="284.819" errors="0">
  <testcase name="SMB_Registered_ToValidateVerifyorderscreen_RegistrationOfUser" time="284.819" classname="Ebiz.SMB_Registered_ToValidateVerifyorderscreen_RegistrationOfUser"/>
</testsuite> <!-- Ebiz.SMB_Registered_ToValidateVerifyorderscreen_RegistrationOfUser -->
