<?xml version="1.0" encoding="UTF-8"?>
<!-- Generated by org.testng.reporters.JUnitReportReporter -->
<testsuite skipped="0" hostname="MPINDO02PC560" name="Ebiz.CustomerSupport.CustomerSupport_ChangeReq_RequestNewService_BusinessNavigationCheck" tests="1" failures="0" timestamp="29 Aug 2018 12:53:32 GMT" time="64.790" errors="0">
  <testcase name="CustomerSupport_ChangeReq_RequestNewService_BusinessNavigationCheck" time="64.790" classname="Ebiz.CustomerSupport.CustomerSupport_ChangeReq_RequestNewService_BusinessNavigationCheck"/>
</testsuite> <!-- Ebiz.CustomerSupport.CustomerSupport_ChangeReq_RequestNewService_BusinessNavigationCheck -->
