<?xml version="1.0" encoding="UTF-8"?>
<!-- Generated by org.testng.reporters.JUnitReportReporter -->
<testsuite skipped="0" hostname="MPINDO02PC560" name="Ebiz.Regression.BusinessLandingPage_UIvalidation_AddressedCookied" tests="1" failures="0" timestamp="28 Aug 2018 12:15:43 GMT" time="97.965" errors="0">
  <testcase name="BusinessLandingPage_UIvalidation_AddressedCookied" time="97.965" classname="Ebiz.Regression.BusinessLandingPage_UIvalidation_AddressedCookied"/>
</testsuite> <!-- Ebiz.Regression.BusinessLandingPage_UIvalidation_AddressedCookied -->
