<?xml version="1.0" encoding="UTF-8"?>
<!-- Generated by org.testng.reporters.JUnitReportReporter -->
<testsuite skipped="0" hostname="MPINDO02PC560" name="Ebiz.Regression.ValidationHeader_MyAccount" tests="1" failures="0" timestamp="06 Aug 2018 10:53:35 GMT" time="202.923" errors="0">
  <testcase name="Develop_the_new_site_header_for_WM_UI" time="202.923" classname="Ebiz.Regression.ValidationHeader_MyAccount"/>
</testsuite> <!-- Ebiz.Regression.ValidationHeader_MyAccount -->
