<?xml version="1.0" encoding="UTF-8"?>
<!-- Generated by org.testng.reporters.JUnitReportReporter -->
<testsuite skipped="0" hostname="MPINDO02PC560" name="Ebiz.MAS.MVP_Verify_AutoPay_Paperless_status_of_newly_created_customerid" tests="50" failures="0" timestamp="02 Jul 2018 16:22:34 GMT" time="8424.514" errors="0">
  <testcase name="MVP_CurbsideGuestuserBundled_WastePickupwithRecyclingWate_quantity1" time="160.708" classname="Ebiz.MAS.MVP_Verify_AutoPay_Paperless_status_of_newly_created_customerid"/>
  <testcase name="MVP_CurbsideGuestuserBundled_WastePickupwithRecyclingWate_quantity1" time="212.327" classname="Ebiz.MAS.MVP_Verify_AutoPay_Paperless_status_of_newly_created_customerid"/>
  <testcase name="MVP_CurbsideGuestuserBundled_WastePickupwithRecyclingWate_quantity1" time="159.314" classname="Ebiz.MAS.MVP_Verify_AutoPay_Paperless_status_of_newly_created_customerid"/>
  <testcase name="MVP_CurbsideGuestuserBundled_WastePickupwithRecyclingWate_quantity1" time="157.173" classname="Ebiz.MAS.MVP_Verify_AutoPay_Paperless_status_of_newly_created_customerid"/>
  <testcase name="MVP_CurbsideGuestuserBundled_WastePickupwithRecyclingWate_quantity1" time="157.288" classname="Ebiz.MAS.MVP_Verify_AutoPay_Paperless_status_of_newly_created_customerid"/>
  <testcase name="MVP_CurbsideGuestuserBundled_WastePickupwithRecyclingWate_quantity1" time="158.338" classname="Ebiz.MAS.MVP_Verify_AutoPay_Paperless_status_of_newly_created_customerid"/>
  <testcase name="MVP_CurbsideGuestuserBundled_WastePickupwithRecyclingWate_quantity1" time="264.484" classname="Ebiz.MAS.MVP_Verify_AutoPay_Paperless_status_of_newly_created_customerid"/>
  <testcase name="MVP_CurbsideGuestuserBundled_WastePickupwithRecyclingWate_quantity1" time="114.866" classname="Ebiz.MAS.MVP_Verify_AutoPay_Paperless_status_of_newly_created_customerid"/>
  <testcase name="MVP_CurbsideGuestuserBundled_WastePickupwithRecyclingWate_quantity1" time="169.980" classname="Ebiz.MAS.MVP_Verify_AutoPay_Paperless_status_of_newly_created_customerid"/>
  <testcase name="MVP_CurbsideGuestuserBundled_WastePickupwithRecyclingWate_quantity1" time="164.848" classname="Ebiz.MAS.MVP_Verify_AutoPay_Paperless_status_of_newly_created_customerid"/>
  <testcase name="MVP_CurbsideGuestuserBundled_WastePickupwithRecyclingWate_quantity1" time="197.433" classname="Ebiz.MAS.MVP_Verify_AutoPay_Paperless_status_of_newly_created_customerid"/>
  <testcase name="MVP_CurbsideGuestuserBundled_WastePickupwithRecyclingWate_quantity1" time="156.108" classname="Ebiz.MAS.MVP_Verify_AutoPay_Paperless_status_of_newly_created_customerid"/>
  <testcase name="MVP_CurbsideGuestuserBundled_WastePickupwithRecyclingWate_quantity1" time="160.365" classname="Ebiz.MAS.MVP_Verify_AutoPay_Paperless_status_of_newly_created_customerid"/>
  <testcase name="MVP_CurbsideGuestuserBundled_WastePickupwithRecyclingWate_quantity1" time="187.433" classname="Ebiz.MAS.MVP_Verify_AutoPay_Paperless_status_of_newly_created_customerid"/>
  <testcase name="MVP_CurbsideGuestuserBundled_WastePickupwithRecyclingWate_quantity1" time="177.252" classname="Ebiz.MAS.MVP_Verify_AutoPay_Paperless_status_of_newly_created_customerid"/>
  <testcase name="MVP_CurbsideGuestuserBundled_WastePickupwithRecyclingWate_quantity1" time="159.748" classname="Ebiz.MAS.MVP_Verify_AutoPay_Paperless_status_of_newly_created_customerid"/>
  <testcase name="MVP_CurbsideGuestuserBundled_WastePickupwithRecyclingWate_quantity1" time="164.756" classname="Ebiz.MAS.MVP_Verify_AutoPay_Paperless_status_of_newly_created_customerid"/>
  <testcase name="MVP_CurbsideGuestuserBundled_WastePickupwithRecyclingWate_quantity1" time="186.212" classname="Ebiz.MAS.MVP_Verify_AutoPay_Paperless_status_of_newly_created_customerid"/>
  <testcase name="MVP_CurbsideGuestuserBundled_WastePickupwithRecyclingWate_quantity1" time="141.491" classname="Ebiz.MAS.MVP_Verify_AutoPay_Paperless_status_of_newly_created_customerid"/>
  <testcase name="MVP_CurbsideGuestuserBundled_WastePickupwithRecyclingWate_quantity1" time="180.593" classname="Ebiz.MAS.MVP_Verify_AutoPay_Paperless_status_of_newly_created_customerid"/>
  <testcase name="MVP_CurbsideGuestuserBundled_WastePickupwithRecyclingWate_quantity1" time="152.400" classname="Ebiz.MAS.MVP_Verify_AutoPay_Paperless_status_of_newly_created_customerid"/>
  <testcase name="MVP_CurbsideGuestuserBundled_WastePickupwithRecyclingWate_quantity1" time="185.661" classname="Ebiz.MAS.MVP_Verify_AutoPay_Paperless_status_of_newly_created_customerid"/>
  <testcase name="MVP_CurbsideGuestuserBundled_WastePickupwithRecyclingWate_quantity1" time="260.558" classname="Ebiz.MAS.MVP_Verify_AutoPay_Paperless_status_of_newly_created_customerid"/>
  <testcase name="MVP_CurbsideGuestuserBundled_WastePickupwithRecyclingWate_quantity1" time="164.500" classname="Ebiz.MAS.MVP_Verify_AutoPay_Paperless_status_of_newly_created_customerid"/>
  <testcase name="MVP_CurbsideGuestuserBundled_WastePickupwithRecyclingWate_quantity1" time="165.190" classname="Ebiz.MAS.MVP_Verify_AutoPay_Paperless_status_of_newly_created_customerid"/>
  <testcase name="MVP_CurbsideGuestuserBundled_WastePickupwithRecyclingWate_quantity1" time="151.433" classname="Ebiz.MAS.MVP_Verify_AutoPay_Paperless_status_of_newly_created_customerid"/>
  <testcase name="MVP_CurbsideGuestuserBundled_WastePickupwithRecyclingWate_quantity1" time="157.212" classname="Ebiz.MAS.MVP_Verify_AutoPay_Paperless_status_of_newly_created_customerid"/>
  <testcase name="MVP_CurbsideGuestuserBundled_WastePickupwithRecyclingWate_quantity1" time="236.025" classname="Ebiz.MAS.MVP_Verify_AutoPay_Paperless_status_of_newly_created_customerid"/>
  <testcase name="MVP_CurbsideGuestuserBundled_WastePickupwithRecyclingWate_quantity1" time="120.169" classname="Ebiz.MAS.MVP_Verify_AutoPay_Paperless_status_of_newly_created_customerid"/>
  <testcase name="MVP_CurbsideGuestuserBundled_WastePickupwithRecyclingWate_quantity1" time="172.262" classname="Ebiz.MAS.MVP_Verify_AutoPay_Paperless_status_of_newly_created_customerid"/>
  <testcase name="MVP_CurbsideGuestuserBundled_WastePickupwithRecyclingWate_quantity1" time="170.271" classname="Ebiz.MAS.MVP_Verify_AutoPay_Paperless_status_of_newly_created_customerid"/>
  <testcase name="MVP_CurbsideGuestuserBundled_WastePickupwithRecyclingWate_quantity1" time="170.413" classname="Ebiz.MAS.MVP_Verify_AutoPay_Paperless_status_of_newly_created_customerid"/>
  <testcase name="MVP_CurbsideGuestuserBundled_WastePickupwithRecyclingWate_quantity1" time="189.333" classname="Ebiz.MAS.MVP_Verify_AutoPay_Paperless_status_of_newly_created_customerid"/>
  <testcase name="MVP_CurbsideGuestuserBundled_WastePickupwithRecyclingWate_quantity1" time="162.967" classname="Ebiz.MAS.MVP_Verify_AutoPay_Paperless_status_of_newly_created_customerid"/>
  <testcase name="MVP_CurbsideGuestuserBundled_WastePickupwithRecyclingWate_quantity1" time="157.292" classname="Ebiz.MAS.MVP_Verify_AutoPay_Paperless_status_of_newly_created_customerid"/>
  <testcase name="MVP_CurbsideGuestuserBundled_WastePickupwithRecyclingWate_quantity1" time="160.733" classname="Ebiz.MAS.MVP_Verify_AutoPay_Paperless_status_of_newly_created_customerid"/>
  <testcase name="MVP_CurbsideGuestuserBundled_WastePickupwithRecyclingWate_quantity1" time="159.545" classname="Ebiz.MAS.MVP_Verify_AutoPay_Paperless_status_of_newly_created_customerid"/>
  <testcase name="MVP_CurbsideGuestuserBundled_WastePickupwithRecyclingWate_quantity1" time="157.005" classname="Ebiz.MAS.MVP_Verify_AutoPay_Paperless_status_of_newly_created_customerid"/>
  <testcase name="MVP_CurbsideGuestuserBundled_WastePickupwithRecyclingWate_quantity1" time="154.306" classname="Ebiz.MAS.MVP_Verify_AutoPay_Paperless_status_of_newly_created_customerid"/>
  <testcase name="MVP_CurbsideGuestuserBundled_WastePickupwithRecyclingWate_quantity1" time="162.379" classname="Ebiz.MAS.MVP_Verify_AutoPay_Paperless_status_of_newly_created_customerid"/>
  <testcase name="MVP_CurbsideGuestuserBundled_WastePickupwithRecyclingWate_quantity1" time="188.422" classname="Ebiz.MAS.MVP_Verify_AutoPay_Paperless_status_of_newly_created_customerid"/>
  <testcase name="MVP_CurbsideGuestuserBundled_WastePickupwithRecyclingWate_quantity1" time="152.550" classname="Ebiz.MAS.MVP_Verify_AutoPay_Paperless_status_of_newly_created_customerid"/>
  <testcase name="MVP_CurbsideGuestuserBundled_WastePickupwithRecyclingWate_quantity1" time="171.441" classname="Ebiz.MAS.MVP_Verify_AutoPay_Paperless_status_of_newly_created_customerid"/>
  <testcase name="MVP_CurbsideGuestuserBundled_WastePickupwithRecyclingWate_quantity1" time="116.935" classname="Ebiz.MAS.MVP_Verify_AutoPay_Paperless_status_of_newly_created_customerid"/>
  <testcase name="MVP_CurbsideGuestuserBundled_WastePickupwithRecyclingWate_quantity1" time="149.507" classname="Ebiz.MAS.MVP_Verify_AutoPay_Paperless_status_of_newly_created_customerid"/>
  <testcase name="MVP_CurbsideGuestuserBundled_WastePickupwithRecyclingWate_quantity1" time="165.613" classname="Ebiz.MAS.MVP_Verify_AutoPay_Paperless_status_of_newly_created_customerid"/>
  <testcase name="MVP_CurbsideGuestuserBundled_WastePickupwithRecyclingWate_quantity1" time="160.920" classname="Ebiz.MAS.MVP_Verify_AutoPay_Paperless_status_of_newly_created_customerid"/>
  <testcase name="MVP_CurbsideGuestuserBundled_WastePickupwithRecyclingWate_quantity1" time="153.517" classname="Ebiz.MAS.MVP_Verify_AutoPay_Paperless_status_of_newly_created_customerid"/>
  <testcase name="MVP_CurbsideGuestuserBundled_WastePickupwithRecyclingWate_quantity1" time="169.305" classname="Ebiz.MAS.MVP_Verify_AutoPay_Paperless_status_of_newly_created_customerid"/>
  <testcase name="MVP_CurbsideGuestuserBundled_WastePickupwithRecyclingWate_quantity1" time="155.933" classname="Ebiz.MAS.MVP_Verify_AutoPay_Paperless_status_of_newly_created_customerid"/>
</testsuite> <!-- Ebiz.MAS.MVP_Verify_AutoPay_Paperless_status_of_newly_created_customerid -->
