<?xml version="1.0" encoding="UTF-8"?>
<!-- Generated by org.testng.reporters.JUnitReportReporter -->
<testsuite skipped="0" hostname="MPINDO02PC560" name="Ebiz.MVP.MVP13_ResidentialCurbsidePage_defaultValueVerification" tests="1" failures="0" timestamp="26 Jul 2018 11:27:36 GMT" time="31.147" errors="0">
  <testcase name="MVP13_ResidentialCurbsidePage_defaultValueVerification" time="31.147" classname="Ebiz.MVP.MVP13_ResidentialCurbsidePage_defaultValueVerification"/>
</testsuite> <!-- Ebiz.MVP.MVP13_ResidentialCurbsidePage_defaultValueVerification -->
