<?xml version="1.0" encoding="UTF-8"?>
<!-- Generated by org.testng.reporters.JUnitReportReporter -->
<testsuite skipped="0" hostname="MPINDO02PC560" name="Ebiz.TestScenariosWise.WM_4792_MyAccount_RegisteredUser_NewAccountPage_PartialPayments" tests="1" failures="0" timestamp="23 Jul 2018 11:09:46 GMT" time="283.265" errors="0">
  <testcase name="MyAccount_RegisteredUser_NewAccountPage_PartialPayments" time="283.265" classname="Ebiz.TestScenariosWise.WM_4792_MyAccount_RegisteredUser_NewAccountPage_PartialPayments"/>
</testsuite> <!-- Ebiz.TestScenariosWise.WM_4792_MyAccount_RegisteredUser_NewAccountPage_PartialPayments -->
