<?xml version="1.0" encoding="UTF-8"?>
<!-- Generated by org.testng.reporters.JUnitReportReporter -->
<testsuite skipped="0" hostname="LalitJain" name="package1.toRegisterUser" tests="1" failures="0" timestamp="30 Mar 2019 06:02:34 GMT" time="263.906" errors="0">
  <testcase name="toTestRegisteruserFunctionality" time="263.906" classname="package1.toRegisterUser"/>
</testsuite> <!-- package1.toRegisterUser -->
