<?xml version="1.0" encoding="UTF-8"?>
<!-- Generated by org.testng.reporters.JUnitReportReporter -->
<testsuite skipped="0" hostname="MPINDO02PC560" name="Ebiz.CSRReports_CSRTransactionSummary_CSRTransactionDetail" tests="1" failures="0" timestamp="19 Jul 2018 08:41:07 GMT" time="49.403" errors="0">
  <testcase name="CSRReports_CSRTransactionSummary_CSRTransactionDetail" time="49.403" classname="Ebiz.CSRReports_CSRTransactionSummary_CSRTransactionDetail"/>
</testsuite> <!-- Ebiz.CSRReports_CSRTransactionSummary_CSRTransactionDetail -->
