<?xml version="1.0" encoding="UTF-8"?>
<!-- Generated by org.testng.reporters.JUnitReportReporter -->
<testsuite skipped="0" hostname="MPINDO02PC560" name="Ebiz.Ecom.Banner_Navigation_Dumpster_Temporary_Service_should_Changed" tests="1" failures="0" timestamp="28 Aug 2018 12:01:08 GMT" time="77.722" errors="0">
  <testcase name="Banner_Navigation_Dumpster_Temporary_Service_should_Changed" time="77.722" classname="Ebiz.Ecom.Banner_Navigation_Dumpster_Temporary_Service_should_Changed"/>
</testsuite> <!-- Ebiz.Ecom.Banner_Navigation_Dumpster_Temporary_Service_should_Changed -->
