<?xml version="1.0" encoding="UTF-8"?>
<!-- Generated by org.testng.reporters.JUnitReportReporter -->
<testsuite skipped="0" hostname="MPINDO02PC560" name="Ebiz.MyAccount.CR_4421_4508_New_user_registration_Scheduled_waste_pickup_flow_Updated_Address" tests="1" failures="0" timestamp="11 Sep 2018 13:51:26 GMT" time="2192.441" errors="0">
  <testcase name="CR_4421_4508_New_user_registration_Scheduled_waste_pickup_flow_Updated_Address" time="2192.441" classname="Ebiz.MyAccount.CR_4421_4508_New_user_registration_Scheduled_waste_pickup_flow_Updated_Address"/>
</testsuite> <!-- Ebiz.MyAccount.CR_4421_4508_New_user_registration_Scheduled_waste_pickup_flow_Updated_Address -->
