<?xml version="1.0" encoding="UTF-8"?>
<!-- Generated by org.testng.reporters.JUnitReportReporter -->
<testsuite skipped="0" hostname="MPINDO02PC560" name="Ebiz.APIsTest.API_RegisterUser_LogoutUser_LoginUser_V2Login_RenewAccessToken" tests="1" failures="0" timestamp="23 Aug 2018 13:27:58 GMT" time="12.427" errors="0">
  <testcase name="RegisterUser_LogoutUser_LoginUser_V2Login_RenewAccessToken" time="12.427" classname="Ebiz.APIsTest.API_RegisterUser_LogoutUser_LoginUser_V2Login_RenewAccessToken"/>
</testsuite> <!-- Ebiz.APIsTest.API_RegisterUser_LogoutUser_LoginUser_V2Login_RenewAccessToken -->
