<?xml version="1.0" encoding="UTF-8"?>
<!-- Generated by org.testng.reporters.JUnitReportReporter -->
<testsuite skipped="0" hostname="MPINDO02PC560" name="Ebiz.Ecom.LampTracker_BusinessUser_GuestUser_FluorescentLamps_Validate_E2ECheckout" tests="1" failures="0" timestamp="19 Jul 2018 15:11:23 GMT" time="164.525" errors="0">
  <testcase name="LampTracker_BusinessUser_GuestUser_FluorescentLamps_Validate_E2ECheckout" time="164.525" classname="Ebiz.Ecom.LampTracker_BusinessUser_GuestUser_FluorescentLamps_Validate_E2ECheckout"/>
</testsuite> <!-- Ebiz.Ecom.LampTracker_BusinessUser_GuestUser_FluorescentLamps_Validate_E2ECheckout -->
