<?xml version="1.0" encoding="UTF-8"?>
<!-- Generated by org.testng.reporters.JUnitReportReporter -->
<testsuite skipped="0" hostname="MPINDO02PC560" name="Ebiz.APIsTest.API_JIRA_4853" tests="1" failures="0" timestamp="02 Aug 2018 13:25:55 GMT" time="28.952" errors="0">
  <testcase name="API_JIRA_4853" time="28.952" classname="Ebiz.APIsTest.API_JIRA_4853"/>
</testsuite> <!-- Ebiz.APIsTest.API_JIRA_4853 -->
