<?xml version="1.0" encoding="UTF-8"?>
<!-- Generated by org.testng.reporters.JUnitReportReporter -->
<testsuite skipped="0" hostname="MPINDO02PC560" name="Ebiz.MVP.MVP_665_PriceSummarySectionValidationThroughOutCheckoutPages" tests="1" failures="0" timestamp="12 Sep 2018 11:50:49 GMT" time="244.884" errors="0">
  <testcase name="MVP_665_PriceSummarySectionValidationThroughOutCheckoutPages" time="244.884" classname="Ebiz.MVP.MVP_665_PriceSummarySectionValidationThroughOutCheckoutPages"/>
</testsuite> <!-- Ebiz.MVP.MVP_665_PriceSummarySectionValidationThroughOutCheckoutPages -->
