<?xml version="1.0" encoding="UTF-8"?>
<!-- Generated by org.testng.reporters.JUnitReportReporter -->
<testsuite skipped="0" hostname="MPINDO02PC560" name="Ebiz.APIsTest.API_V1_GetServiceContractDetails_ServicesETA_SingleEzPayId" tests="1" failures="0" timestamp="24 Aug 2018 07:19:14 GMT" time="31.463" errors="0">
  <testcase name="V1_GetServiceContractDetails_ServicesETA_SingleEzPayId" time="31.463" classname="Ebiz.APIsTest.API_V1_GetServiceContractDetails_ServicesETA_SingleEzPayId"/>
</testsuite> <!-- Ebiz.APIsTest.API_V1_GetServiceContractDetails_ServicesETA_SingleEzPayId -->
