<?xml version="1.0" encoding="UTF-8"?>
<!-- Generated by org.testng.reporters.JUnitReportReporter -->
<testsuite skipped="0" hostname="MPINDO02PC560" name="Ebiz.APIsTest.API_V1_Payments" tests="1" failures="0" timestamp="24 Aug 2018 07:26:30 GMT" time="167.965" errors="0">
  <testcase name="V1_Payments" time="167.965" classname="Ebiz.APIsTest.API_V1_Payments"/>
</testsuite> <!-- Ebiz.APIsTest.API_V1_Payments -->
