<?xml version="1.0" encoding="UTF-8"?>
<!-- Generated by org.testng.reporters.JUnitReportReporter -->
<testsuite skipped="0" hostname="MPINDO02PC560" name="Ebiz.EcommerceFlowSMBDumpsterProductForBusiGuest" tests="1" failures="0" timestamp="19 Jul 2018 08:41:07 GMT" time="150.486" errors="0">
  <testcase name="SMBBusiGuest" time="150.486" classname="Ebiz.EcommerceFlowSMBDumpsterProductForBusiGuest"/>
</testsuite> <!-- Ebiz.EcommerceFlowSMBDumpsterProductForBusiGuest -->
