<?xml version="1.0" encoding="UTF-8"?>
<!-- Generated by org.testng.reporters.JUnitReportReporter -->
<testsuite skipped="0" hostname="MPINDO02PC560" name="Ebiz.Regression.ResiLandingPageStatusBarmessagevalidation" tests="1" failures="0" timestamp="25 Jul 2018 12:57:15 GMT" time="112.175" errors="0">
  <testcase name="ResiLandingPageStatusBarmessagevalidation" time="112.175" classname="Ebiz.Regression.ResiLandingPageStatusBarmessagevalidation"/>
</testsuite> <!-- Ebiz.Regression.ResiLandingPageStatusBarmessagevalidation -->
