<?xml version="1.0" encoding="UTF-8"?>
<!-- Generated by org.testng.reporters.JUnitReportReporter -->
<testsuite skipped="0" hostname="MPINDO02PC560" name="Ebiz.LampTracker_Home_Guest_User_Validate_Bulk_order" tests="1" failures="0" timestamp="28 Aug 2018 09:40:13 GMT" time="121.624" errors="0">
  <testcase name="LampTracker_Home_GuestUser_CFLs_Flourescent_Validate_E2E_checkout" time="121.624" classname="Ebiz.LampTracker_Home_Guest_User_Validate_Bulk_order"/>
</testsuite> <!-- Ebiz.LampTracker_Home_Guest_User_Validate_Bulk_order -->
