<?xml version="1.0" encoding="UTF-8"?>
<!-- Generated by org.testng.reporters.JUnitReportReporter -->
<testsuite skipped="0" hostname="MPINDO02PC560" name="Ebiz.Entrymdoule.WM_118_Natural_Language_LOB_cookied_Address_cookied_Non_Cookied" tests="1" failures="0" timestamp="30 Jul 2018 09:20:50 GMT" time="73.871" errors="0">
  <testcase name="WM_118_Natural_Language_LOB_cookied_Address_cookied" time="73.871" classname="Ebiz.Entrymdoule.WM_118_Natural_Language_LOB_cookied_Address_cookied_Non_Cookied"/>
</testsuite> <!-- Ebiz.Entrymdoule.WM_118_Natural_Language_LOB_cookied_Address_cookied_Non_Cookied -->
