<?xml version="1.0" encoding="UTF-8"?>
<!-- Generated by org.testng.reporters.JUnitReportReporter -->
<testsuite skipped="0" hostname="MPINDO02PC560" name="Ebiz.Regression.EntryPageBusinessLandingpageforValidaddressbutpresentinMASonlyanddifferentservices" tests="1" failures="0" timestamp="25 Jul 2018 14:17:40 GMT" time="229.250" errors="0">
  <testcase name="EntryPageBusinessLandingpageforValidaddressbutpresentinMASonlyanddifferentservices" time="229.250" classname="Ebiz.Regression.EntryPageBusinessLandingpageforValidaddressbutpresentinMASonlyanddifferentservices"/>
</testsuite> <!-- Ebiz.Regression.EntryPageBusinessLandingpageforValidaddressbutpresentinMASonlyanddifferentservices -->
