<?xml version="1.0" encoding="UTF-8"?>
<!-- Generated by org.testng.reporters.JUnitReportReporter -->
<testsuite skipped="0" hostname="MPINDO02PC560" name="Ebiz.Ecom.cimLogin" tests="1" failures="0" timestamp="28 Aug 2018 12:02:23 GMT" time="29.757" errors="0">
  <testcase name="cimLogin" time="29.757" classname="Ebiz.Ecom.cimLogin"/>
</testsuite> <!-- Ebiz.Ecom.cimLogin -->
