<?xml version="1.0" encoding="UTF-8"?>
<!-- Generated by org.testng.reporters.JUnitReportReporter -->
<testsuite skipped="0" hostname="LalitJain" name="package1.toRegisterUserusingDataProvider" tests="2" failures="0" timestamp="30 Mar 2019 06:23:03 GMT" time="90.196" errors="0">
  <testcase name="toTestRegisteruserFunctionality" time="5.600" classname="package1.toRegisterUserusingDataProvider"/>
  <testcase name="toTestRegisteruserFunctionality" time="84.596" classname="package1.toRegisterUserusingDataProvider"/>
</testsuite> <!-- package1.toRegisterUserusingDataProvider -->
