<?xml version="1.0" encoding="UTF-8"?>
<!-- Generated by org.testng.reporters.JUnitReportReporter -->
<testsuite skipped="0" hostname="MPINDO02PC560" name="Ebiz.MVP.MVP_EditPaymentinformation_EditDeliveryDetails_EditServiceDetails__HomePage_Curbside_GuestUserForResiSection_SignUpFlow_CurbsideOrderE2E" tests="1" failures="0" timestamp="27 Jul 2018 09:53:48 GMT" time="303.188" errors="0">
  <testcase name="MVP_EditPaymentinformation_EditDeliveryDetails_EditServiceDetails__HomePage_Curbside_GuestUserForResiSection_SignUpFlow_CurbsideOrderE2E" time="303.188" classname="Ebiz.MVP.MVP_EditPaymentinformation_EditDeliveryDetails_EditServiceDetails__HomePage_Curbside_GuestUserForResiSection_SignUpFlow_CurbsideOrderE2E"/>
</testsuite> <!-- Ebiz.MVP.MVP_EditPaymentinformation_EditDeliveryDetails_EditServiceDetails__HomePage_Curbside_GuestUserForResiSection_SignUpFlow_CurbsideOrderE2E -->
