<?xml version="1.0" encoding="UTF-8"?>
<!-- Generated by org.testng.reporters.JUnitReportReporter -->
<testsuite skipped="0" hostname="MPINDO02PC560" name="Ebiz.MVP.MVP_TovalidatepriceInfoforanycurbsideproduct" tests="1" failures="0" timestamp="27 Jul 2018 09:01:38 GMT" time="73.258" errors="0">
  <testcase name="TovalidatepriceInfoforanycurbsideproduct" time="73.258" classname="Ebiz.MVP.MVP_TovalidatepriceInfoforanycurbsideproduct"/>
</testsuite> <!-- Ebiz.MVP.MVP_TovalidatepriceInfoforanycurbsideproduct -->
