<?xml version="1.0" encoding="UTF-8"?>
<!-- Generated by org.testng.reporters.JUnitReportReporter -->
<testsuite skipped="0" hostname="MPINDO02PC560" name="Ebiz.MVP.MVP_666_VerifyPictureCaouselOnProductDetailPage" tests="1" failures="0" timestamp="07 Sep 2018 07:37:54 GMT" time="86.195" errors="0">
  <testcase name="MVP_666_VerifyPictureCarouselOnProductDetailPage" time="86.195" classname="Ebiz.MVP.MVP_666_VerifyPictureCaouselOnProductDetailPage"/>
</testsuite> <!-- Ebiz.MVP.MVP_666_VerifyPictureCaouselOnProductDetailPage -->
