<?xml version="1.0" encoding="UTF-8"?>
<!-- Generated by org.testng.reporters.JUnitReportReporter -->
<testsuite skipped="0" hostname="MPINDO02PC560" name="Ebiz.Regression.SMB_002_GuestUserPromoCodeDiscounttowastepickupandoptionalrecyclingoryardfoodwastepickup_Signup" tests="1" failures="0" timestamp="23 Jul 2018 16:48:07 GMT" time="248.653" errors="0">
  <testcase name="SMB_002_GuestUserPromoCodeDiscounttowastepickupandoptionalrecyclingoryardfoodwastepickup_Signup" time="248.653" classname="Ebiz.Regression.SMB_002_GuestUserPromoCodeDiscounttowastepickupandoptionalrecyclingoryardfoodwastepickup_Signup"/>
</testsuite> <!-- Ebiz.Regression.SMB_002_GuestUserPromoCodeDiscounttowastepickupandoptionalrecyclingoryardfoodwastepickup_Signup -->
