<?xml version="1.0" encoding="UTF-8"?>
<!-- Generated by org.testng.reporters.JUnitReportReporter -->
<testsuite skipped="0" hostname="MPINDO02PC560" name="Ebiz.MVP.MVP_672_Verify_Verbiage_ProratesConfirmationPageRMOChargeSB_VerifyPage_ConfirmationPage" tests="1" failures="0" timestamp="10 Sep 2018 11:19:15 GMT" time="555.395" errors="0">
  <testcase name="MVP_672_Verify_Verbiage_ProratesConfirmationPageRMOChargeSB_VerifyPage_ConfirmationPage" time="555.395" classname="Ebiz.MVP.MVP_672_Verify_Verbiage_ProratesConfirmationPageRMOChargeSB_VerifyPage_ConfirmationPage"/>
</testsuite> <!-- Ebiz.MVP.MVP_672_Verify_Verbiage_ProratesConfirmationPageRMOChargeSB_VerifyPage_ConfirmationPage -->
