<?xml version="1.0" encoding="UTF-8"?>
<!-- Generated by org.testng.reporters.JUnitReportReporter -->
<testsuite skipped="0" hostname="MPINDO02PC560" name="Ebiz.MVP.MVP_663_VerifyMelissaDataEmail_MyAccountPage" tests="1" failures="0" timestamp="20 Sep 2018 07:04:42 GMT" time="139.591" errors="0">
  <testcase name="MVP_663_VerifyMelissaDataEmail_MyAccountPage" time="139.591" classname="Ebiz.MVP.MVP_663_VerifyMelissaDataEmail_MyAccountPage"/>
</testsuite> <!-- Ebiz.MVP.MVP_663_VerifyMelissaDataEmail_MyAccountPage -->
