<?xml version="1.0" encoding="UTF-8"?>
<!-- Generated by org.testng.reporters.JUnitReportReporter -->
<testsuite skipped="0" hostname="MPINDO02PC560" name="Ebiz.Regression.Footer_ResiLandingpageforValidaddressbutpresentSFDConly_Differentservices" tests="1" failures="0" timestamp="23 Jul 2018 16:48:07 GMT" time="188.403" errors="0">
  <testcase name="Footer_ResiLandingpageforValidaddressbutpresentSFDConly_Differentservices" time="188.403" classname="Ebiz.Regression.Footer_ResiLandingpageforValidaddressbutpresentSFDConly_Differentservices"/>
</testsuite> <!-- Ebiz.Regression.Footer_ResiLandingpageforValidaddressbutpresentSFDConly_Differentservices -->
