<?xml version="1.0" encoding="UTF-8"?>
<!-- Generated by org.testng.reporters.JUnitReportReporter -->
<testsuite skipped="0" hostname="LalitJain" name="pakge2.test1" tests="1" failures="0" timestamp="22 Sep 2018 07:52:41 GMT" time="5.974" errors="0">
  <testcase name="test12" time="5.974" classname="pakge2.test1"/>
</testsuite> <!-- pakge2.test1 -->
