<?xml version="1.0" encoding="UTF-8"?>
<!-- Generated by org.testng.reporters.JUnitReportReporter -->
<testsuite skipped="0" hostname="MPINDO02PC560" name="Ebiz.Ecom.Dumpster_Checkout_Submit_Order_RegisteredUsers_NewPaymentMethod_DoNotSave" tests="1" failures="0" timestamp="19 Jul 2018 15:11:23 GMT" time="283.743" errors="0">
  <testcase name="Dumpster_Checkout_Submit_Order_RegisteredUsers_NewPaymentMethod_DoNotSave" time="283.743" classname="Ebiz.Ecom.Dumpster_Checkout_Submit_Order_RegisteredUsers_NewPaymentMethod_DoNotSave"/>
</testsuite> <!-- Ebiz.Ecom.Dumpster_Checkout_Submit_Order_RegisteredUsers_NewPaymentMethod_DoNotSave -->
