<?xml version="1.0" encoding="UTF-8"?>
<!-- Generated by org.testng.reporters.JUnitReportReporter -->
<testsuite skipped="0" hostname="MPINDO02PC560" name="Ebiz.Regression.ResidentialLandingPage_UIvalidation_AddressedCookied" tests="1" failures="0" timestamp="13 Aug 2018 10:54:39 GMT" time="409.075" errors="0">
  <testcase name="ResidentialLandingPage_UIvalidation_AddressedCookied" time="409.075" classname="Ebiz.Regression.ResidentialLandingPage_UIvalidation_AddressedCookied"/>
</testsuite> <!-- Ebiz.Regression.ResidentialLandingPage_UIvalidation_AddressedCookied -->
