<?xml version="1.0" encoding="UTF-8"?>
<!-- Generated by org.testng.reporters.JUnitReportReporter -->
<testsuite skipped="0" hostname="MPINDO02PC560" name="Ebiz.Lamptracker_Home_verify_login_page_add_to_cart_flow" tests="1" failures="0" timestamp="19 Jul 2018 08:41:07 GMT" time="122.718" errors="0">
  <testcase name="Lamptracker_Home_verify_login_page_add_to_cart_flow" time="122.718" classname="Ebiz.Lamptracker_Home_verify_login_page_add_to_cart_flow"/>
</testsuite> <!-- Ebiz.Lamptracker_Home_verify_login_page_add_to_cart_flow -->
