<?xml version="1.0" encoding="UTF-8"?>
<!-- Generated by org.testng.reporters.JUnitReportReporter -->
<testsuite skipped="0" hostname="MPINDO02PC560" name="Ebiz.TestScenariosWise.MyAccount_ToEditUserProfileDetails" tests="1" failures="0" timestamp="28 Aug 2018 12:38:39 GMT" time="174.766" errors="0">
  <testcase name="MyAccount_ToEditUserProfileDetails" time="174.766" classname="Ebiz.TestScenariosWise.MyAccount_ToEditUserProfileDetails"/>
</testsuite> <!-- Ebiz.TestScenariosWise.MyAccount_ToEditUserProfileDetails -->
