<?xml version="1.0" encoding="UTF-8"?>
<!-- Generated by org.testng.reporters.JUnitReportReporter -->
<testsuite skipped="0" hostname="MPINDO02PC560" name="Ebiz.Regression.ToverifyMyaccountpage_ongoingservices" tests="1" failures="0" timestamp="23 Jul 2018 16:48:07 GMT" time="265.460" errors="0">
  <testcase name="ToverifyMyaccountpage_ongoingservices" time="265.460" classname="Ebiz.Regression.ToverifyMyaccountpage_ongoingservices"/>
</testsuite> <!-- Ebiz.Regression.ToverifyMyaccountpage_ongoingservices -->
