<?xml version="1.0" encoding="UTF-8"?>
<!-- Generated by org.testng.reporters.JUnitReportReporter -->
<testsuite skipped="0" hostname="MPINDO02PC560" name="Ebiz.APIsTest.API_V2_ReportProblem_OaklandZipStatus_ExtraPickup_ContainerRepair" tests="1" failures="0" timestamp="23 Aug 2018 13:27:58 GMT" time="45.782" errors="0">
  <testcase name="V2_ReportProblem_OaklandZipStatus_ExtraPickup_ContainerRepair" time="45.782" classname="Ebiz.APIsTest.API_V2_ReportProblem_OaklandZipStatus_ExtraPickup_ContainerRepair"/>
</testsuite> <!-- Ebiz.APIsTest.API_V2_ReportProblem_OaklandZipStatus_ExtraPickup_ContainerRepair -->
