<?xml version="1.0" encoding="UTF-8"?>
<!-- Generated by org.testng.reporters.JUnitReportReporter -->
<testsuite skipped="0" hostname="MPINDO02PC560" name="Ebiz.Verify_SMB_Detailpage_Genesys_ZipCode_Logged_In_User" tests="1" failures="0" timestamp="18 Jul 2018 06:44:05 GMT" time="160.179" errors="0">
  <testcase name="SMBBusiGuest" time="160.179" classname="Ebiz.Verify_SMB_Detailpage_Genesys_ZipCode_Logged_In_User"/>
</testsuite> <!-- Ebiz.Verify_SMB_Detailpage_Genesys_ZipCode_Logged_In_User -->
