<?xml version="1.0" encoding="UTF-8"?>
<!-- Generated by org.testng.reporters.JUnitReportReporter -->
<testsuite skipped="0" hostname="MPINDO02PC560" name="Ebiz.TestScenariosWise.WM_RegisteredUserForBusinessSection_TempServc_AddToCartFlow_DumpsterOrderE2E" tests="1" failures="0" timestamp="27 Aug 2018 10:55:42 GMT" time="76.013" errors="0">
  <testcase name="WM_RegisteredUserForBusinessSection_TempServc_AddToCartFlow_DumpsterOrderE2E" time="76.013" classname="Ebiz.TestScenariosWise.WM_RegisteredUserForBusinessSection_TempServc_AddToCartFlow_DumpsterOrderE2E"/>
</testsuite> <!-- Ebiz.TestScenariosWise.WM_RegisteredUserForBusinessSection_TempServc_AddToCartFlow_DumpsterOrderE2E -->
